[ 2016-10-21T22:40:45+08:00 ] 172.16.86.0 /?
INFO: [ app_init ] --START--
INFO: Run Behavior\BuildLiteBehavior [ RunTime:0.000074s ]
INFO: [ app_init ] --END-- [ RunTime:0.006174s ]
INFO: [ app_begin ] --START--
INFO: Run Behavior\ReadHtmlCacheBehavior [ RunTime:0.011378s ]
INFO: [ app_begin ] --END-- [ RunTime:0.011567s ]
INFO: [ view_parse ] --START--
INFO: [ template_filter ] --START--
INFO: Run Behavior\ContentReplaceBehavior [ RunTime:0.000110s ]
INFO: [ template_filter ] --END-- [ RunTime:0.000210s ]
INFO: Run Behavior\ParseTemplateBehavior [ RunTime:0.050461s ]
INFO: [ view_parse ] --END-- [ RunTime:0.050641s ]
INFO: [ view_filter ] --START--
INFO: Run Behavior\WriteHtmlCacheBehavior [ RunTime:0.005880s ]
INFO: [ view_filter ] --END-- [ RunTime:0.006049s ]
INFO: [ app_end ] --START--
INFO: Run Behavior\ShowPageTraceBehavior [ RunTime:0.006679s ]
INFO: [ app_end ] --END-- [ RunTime:0.006811s ]

[ 2016-10-21T22:41:39+08:00 ] 172.16.86.0 /
INFO: [ app_init ] --START--
INFO: Run Behavior\BuildLiteBehavior [ RunTime:0.000033s ]
INFO: [ app_init ] --END-- [ RunTime:0.005281s ]
INFO: [ app_begin ] --START--
INFO: Run Behavior\ReadHtmlCacheBehavior [ RunTime:0.017881s ]
INFO: [ app_begin ] --END-- [ RunTime:0.018025s ]
INFO: [ view_parse ] --START--
INFO: [ template_filter ] --START--
INFO: Run Behavior\ContentReplaceBehavior [ RunTime:0.000108s ]
INFO: [ template_filter ] --END-- [ RunTime:0.000256s ]
INFO: Run Behavior\ParseTemplateBehavior [ RunTime:0.072359s ]
INFO: [ view_parse ] --END-- [ RunTime:0.072494s ]
INFO: [ view_filter ] --START--
INFO: Run Behavior\WriteHtmlCacheBehavior [ RunTime:0.006223s ]
INFO: [ view_filter ] --END-- [ RunTime:0.006361s ]
INFO: [ app_end ] --START--
INFO: Run Behavior\ShowPageTraceBehavior [ RunTime:0.007245s ]
INFO: [ app_end ] --END-- [ RunTime:0.007412s ]

[ 2016-10-21T22:48:29+08:00 ] 172.16.86.0 /
INFO: [ app_init ] --START--
INFO: Run Behavior\BuildLiteBehavior [ RunTime:0.000038s ]
INFO: [ app_init ] --END-- [ RunTime:0.004751s ]
INFO: [ app_begin ] --START--
INFO: Run Behavior\ReadHtmlCacheBehavior [ RunTime:0.005483s ]
INFO: [ app_begin ] --END-- [ RunTime:0.005610s ]
INFO: [ view_parse ] --START--
INFO: [ template_filter ] --START--
INFO: Run Behavior\ContentReplaceBehavior [ RunTime:0.000103s ]
INFO: [ template_filter ] --END-- [ RunTime:0.000240s ]
INFO: Run Behavior\ParseTemplateBehavior [ RunTime:0.051981s ]
INFO: [ view_parse ] --END-- [ RunTime:0.052093s ]
INFO: [ view_filter ] --START--
INFO: Run Behavior\WriteHtmlCacheBehavior [ RunTime:0.005353s ]
INFO: [ view_filter ] --END-- [ RunTime:0.005456s ]
INFO: [ app_end ] --START--
INFO: Run Behavior\ShowPageTraceBehavior [ RunTime:0.011363s ]
INFO: [ app_end ] --END-- [ RunTime:0.011465s ]

[ 2016-10-21T22:48:43+08:00 ] 172.16.86.0 /index.php
INFO: [ app_init ] --START--
INFO: Run Behavior\BuildLiteBehavior [ RunTime:0.000034s ]
INFO: [ app_init ] --END-- [ RunTime:0.004250s ]
INFO: [ app_begin ] --START--
INFO: Run Behavior\ReadHtmlCacheBehavior [ RunTime:0.005322s ]
INFO: [ app_begin ] --END-- [ RunTime:0.005532s ]
INFO: [ view_parse ] --START--
INFO: [ template_filter ] --START--
INFO: Run Behavior\ContentReplaceBehavior [ RunTime:0.000102s ]
INFO: [ template_filter ] --END-- [ RunTime:0.000212s ]
INFO: Run Behavior\ParseTemplateBehavior [ RunTime:0.057037s ]
INFO: [ view_parse ] --END-- [ RunTime:0.057187s ]
INFO: [ view_filter ] --START--
INFO: Run Behavior\WriteHtmlCacheBehavior [ RunTime:0.005459s ]
INFO: [ view_filter ] --END-- [ RunTime:0.005540s ]
INFO: [ app_end ] --START--
INFO: Run Behavior\ShowPageTraceBehavior [ RunTime:0.006633s ]
INFO: [ app_end ] --END-- [ RunTime:0.006751s ]

[ 2016-10-21T22:49:03+08:00 ] 172.16.86.0 /index.php?m=home&c=index&a=add
INFO: [ app_init ] --START--
INFO: Run Behavior\BuildLiteBehavior [ RunTime:0.000038s ]
INFO: [ app_init ] --END-- [ RunTime:0.004754s ]
INFO: [ app_begin ] --START--
INFO: Run Behavior\ReadHtmlCacheBehavior [ RunTime:0.006650s ]
INFO: [ app_begin ] --END-- [ RunTime:0.006785s ]
INFO: [ app_end ] --START--
INFO: Run Behavior\ShowPageTraceBehavior [ RunTime:0.005267s ]
INFO: [ app_end ] --END-- [ RunTime:0.005372s ]

[ 2016-10-21T22:49:15+08:00 ] 172.16.86.0 /index.php?m=home&c=index
INFO: [ app_init ] --START--
INFO: Run Behavior\BuildLiteBehavior [ RunTime:0.000037s ]
INFO: [ app_init ] --END-- [ RunTime:0.005519s ]
INFO: [ app_begin ] --START--
INFO: Run Behavior\ReadHtmlCacheBehavior [ RunTime:0.006671s ]
INFO: [ app_begin ] --END-- [ RunTime:0.006865s ]
INFO: [ view_parse ] --START--
INFO: [ template_filter ] --START--
INFO: Run Behavior\ContentReplaceBehavior [ RunTime:0.000127s ]
INFO: [ template_filter ] --END-- [ RunTime:0.000308s ]
INFO: Run Behavior\ParseTemplateBehavior [ RunTime:0.046816s ]
INFO: [ view_parse ] --END-- [ RunTime:0.046995s ]
INFO: [ view_filter ] --START--
INFO: Run Behavior\WriteHtmlCacheBehavior [ RunTime:0.008958s ]
INFO: [ view_filter ] --END-- [ RunTime:0.009078s ]
INFO: [ app_end ] --START--
INFO: Run Behavior\ShowPageTraceBehavior [ RunTime:0.005555s ]
INFO: [ app_end ] --END-- [ RunTime:0.005689s ]

[ 2016-10-21T22:49:23+08:00 ] 172.16.86.0 /index.php?m=home&c=login
INFO: [ app_init ] --START--
INFO: Run Behavior\BuildLiteBehavior [ RunTime:0.000053s ]
INFO: [ app_init ] --END-- [ RunTime:0.004911s ]
INFO: [ app_begin ] --START--
INFO: Run Behavior\ReadHtmlCacheBehavior [ RunTime:0.005308s ]
INFO: [ app_begin ] --END-- [ RunTime:0.005640s ]
ERR: 无法加载控制器:Login

[ 2016-10-21T22:52:04+08:00 ] 172.16.86.0 /index.php?m=home&c=index
INFO: [ app_init ] --START--
INFO: Run Behavior\BuildLiteBehavior [ RunTime:0.000034s ]
INFO: [ app_init ] --END-- [ RunTime:0.004646s ]
INFO: [ app_begin ] --START--
INFO: Run Behavior\ReadHtmlCacheBehavior [ RunTime:0.006708s ]
INFO: [ app_begin ] --END-- [ RunTime:0.006833s ]
INFO: [ view_parse ] --START--
INFO: [ template_filter ] --START--
INFO: Run Behavior\ContentReplaceBehavior [ RunTime:0.000136s ]
INFO: [ template_filter ] --END-- [ RunTime:0.000269s ]
INFO: Run Behavior\ParseTemplateBehavior [ RunTime:0.048062s ]
INFO: [ view_parse ] --END-- [ RunTime:0.048176s ]
INFO: [ view_filter ] --START--
INFO: Run Behavior\WriteHtmlCacheBehavior [ RunTime:0.005826s ]
INFO: [ view_filter ] --END-- [ RunTime:0.005927s ]
INFO: [ app_end ] --START--
INFO: Run Behavior\ShowPageTraceBehavior [ RunTime:0.006891s ]
INFO: [ app_end ] --END-- [ RunTime:0.007065s ]

[ 2016-10-21T22:52:11+08:00 ] 172.16.86.0 /index.php?m=home&c=check
INFO: [ app_init ] --START--
INFO: Run Behavior\BuildLiteBehavior [ RunTime:0.000045s ]
INFO: [ app_init ] --END-- [ RunTime:0.005772s ]
INFO: [ app_begin ] --START--
INFO: Run Behavior\ReadHtmlCacheBehavior [ RunTime:0.006541s ]
INFO: [ app_begin ] --END-- [ RunTime:0.006695s ]
ERR: 无法加载控制器:Check

[ 2016-10-21T22:52:12+08:00 ] 172.16.86.0 /index.php?m=home&c=index&a=add
INFO: [ app_init ] --START--
INFO: Run Behavior\BuildLiteBehavior [ RunTime:0.000037s ]
INFO: [ app_init ] --END-- [ RunTime:0.004767s ]
INFO: [ app_begin ] --START--
INFO: Run Behavior\ReadHtmlCacheBehavior [ RunTime:0.006075s ]
INFO: [ app_begin ] --END-- [ RunTime:0.006215s ]
INFO: [ app_end ] --START--
INFO: Run Behavior\ShowPageTraceBehavior [ RunTime:0.005564s ]
INFO: [ app_end ] --END-- [ RunTime:0.005671s ]

[ 2016-10-21T22:52:18+08:00 ] 172.16.86.0 /index.php?m=home&a=check
INFO: [ app_init ] --START--
INFO: Run Behavior\BuildLiteBehavior [ RunTime:0.000036s ]
INFO: [ app_init ] --END-- [ RunTime:0.004505s ]
INFO: [ app_begin ] --START--
INFO: Run Behavior\ReadHtmlCacheBehavior [ RunTime:0.005076s ]
INFO: [ app_begin ] --END-- [ RunTime:0.005176s ]
ERR: 非法操作:check

[ 2016-10-21T22:52:22+08:00 ] 172.16.86.0 /index.php?m=home&c=index
INFO: [ app_init ] --START--
INFO: Run Behavior\BuildLiteBehavior [ RunTime:0.000036s ]
INFO: [ app_init ] --END-- [ RunTime:0.004084s ]
INFO: [ app_begin ] --START--
INFO: Run Behavior\ReadHtmlCacheBehavior [ RunTime:0.005238s ]
INFO: [ app_begin ] --END-- [ RunTime:0.005557s ]
INFO: [ view_parse ] --START--
INFO: [ template_filter ] --START--
INFO: Run Behavior\ContentReplaceBehavior [ RunTime:0.000084s ]
INFO: [ template_filter ] --END-- [ RunTime:0.000208s ]
INFO: Run Behavior\ParseTemplateBehavior [ RunTime:0.044120s ]
INFO: [ view_parse ] --END-- [ RunTime:0.044353s ]
INFO: [ view_filter ] --START--
INFO: Run Behavior\WriteHtmlCacheBehavior [ RunTime:0.006871s ]
INFO: [ view_filter ] --END-- [ RunTime:0.007142s ]
INFO: [ app_end ] --START--
INFO: Run Behavior\ShowPageTraceBehavior [ RunTime:0.007248s ]
INFO: [ app_end ] --END-- [ RunTime:0.007370s ]

[ 2016-10-21T22:52:29+08:00 ] 172.16.86.0 /index.php?m=home&c=login
INFO: [ app_init ] --START--
INFO: Run Behavior\BuildLiteBehavior [ RunTime:0.000042s ]
INFO: [ app_init ] --END-- [ RunTime:0.005039s ]
INFO: [ app_begin ] --START--
INFO: Run Behavior\ReadHtmlCacheBehavior [ RunTime:0.006076s ]
INFO: [ app_begin ] --END-- [ RunTime:0.006217s ]
ERR: 无法加载控制器:Login

[ 2016-10-21T22:55:19+08:00 ] 172.16.86.0 /index.php?m=home&c=check
INFO: [ app_init ] --START--
INFO: Run Behavior\BuildLiteBehavior [ RunTime:0.000024s ]
INFO: [ app_init ] --END-- [ RunTime:0.003722s ]
INFO: [ app_begin ] --START--
INFO: Run Behavior\ReadHtmlCacheBehavior [ RunTime:0.004341s ]
INFO: [ app_begin ] --END-- [ RunTime:0.004443s ]
ERR: 无法加载控制器:Check

[ 2016-10-21T22:55:24+08:00 ] 172.16.86.0 /index.php?m=home&a=check
INFO: [ app_init ] --START--
INFO: Run Behavior\BuildLiteBehavior [ RunTime:0.000056s ]
INFO: [ app_init ] --END-- [ RunTime:0.005134s ]
INFO: [ app_begin ] --START--
INFO: Run Behavior\ReadHtmlCacheBehavior [ RunTime:0.006070s ]
INFO: [ app_begin ] --END-- [ RunTime:0.006285s ]
ERR: 非法操作:check

[ 2016-10-21T22:55:37+08:00 ] 172.16.86.0 /index.php?m=home&c=login
INFO: [ app_init ] --START--
INFO: Run Behavior\BuildLiteBehavior [ RunTime:0.000044s ]
INFO: [ app_init ] --END-- [ RunTime:0.005353s ]
INFO: [ app_begin ] --START--
INFO: Run Behavior\ReadHtmlCacheBehavior [ RunTime:0.006416s ]
INFO: [ app_begin ] --END-- [ RunTime:0.006548s ]
ERR: 无法加载控制器:Login

[ 2016-10-21T22:58:20+08:00 ] 172.16.86.0 /index.php?m=home&c=check
INFO: [ app_init ] --START--
INFO: Run Behavior\BuildLiteBehavior [ RunTime:0.000034s ]
INFO: [ app_init ] --END-- [ RunTime:0.004549s ]
INFO: [ app_begin ] --START--
INFO: Run Behavior\ReadHtmlCacheBehavior [ RunTime:0.004918s ]
INFO: [ app_begin ] --END-- [ RunTime:0.005027s ]
ERR: 无法加载控制器:Check

[ 2016-10-21T22:58:31+08:00 ] 172.16.86.0 /index.php?m=home&a=check
INFO: [ app_init ] --START--
INFO: Run Behavior\BuildLiteBehavior [ RunTime:0.000047s ]
INFO: [ app_init ] --END-- [ RunTime:0.005507s ]
INFO: [ app_begin ] --START--
INFO: Run Behavior\ReadHtmlCacheBehavior [ RunTime:0.005517s ]
INFO: [ app_begin ] --END-- [ RunTime:0.005642s ]
ERR: 非法操作:check

