[ 2016-10-23T15:51:30+08:00 ] 127.0.0.1 /admin.php/m=menu
INFO: [ app_init ] --START--
INFO: Run Behavior\BuildLiteBehavior [ RunTime:0.000000s ]
INFO: [ app_init ] --END-- [ RunTime:0.000000s ]
ERR: 无法加载模块:M=menu

[ 2016-10-23T15:51:59+08:00 ] 127.0.0.1 /admin.php/m=menu
INFO: [ app_init ] --START--
INFO: Run Behavior\BuildLiteBehavior [ RunTime:0.001001s ]
INFO: [ app_init ] --END-- [ RunTime:0.001001s ]
ERR: 无法加载模块:M=menu

[ 2016-10-23T15:52:00+08:00 ] 127.0.0.1 /admin.php/m=menu
INFO: [ app_init ] --START--
INFO: Run Behavior\BuildLiteBehavior [ RunTime:0.000000s ]
INFO: [ app_init ] --END-- [ RunTime:0.001000s ]
ERR: 无法加载模块:M=menu

[ 2016-10-23T16:01:23+08:00 ] 127.0.0.1 /admin.php/m=menu
INFO: [ app_init ] --START--
INFO: Run Behavior\BuildLiteBehavior [ RunTime:0.000000s ]
INFO: [ app_init ] --END-- [ RunTime:0.001000s ]
ERR: 无法加载模块:M=menu

[ 2016-10-23T16:01:25+08:00 ] 127.0.0.1 /admin.php/m=menu
INFO: [ app_init ] --START--
INFO: Run Behavior\BuildLiteBehavior [ RunTime:0.000000s ]
INFO: [ app_init ] --END-- [ RunTime:0.001000s ]
ERR: 无法加载模块:M=menu

[ 2016-10-23T16:03:28+08:00 ] 127.0.0.1 /admin.php/menu
INFO: [ app_init ] --START--
INFO: Run Behavior\BuildLiteBehavior [ RunTime:0.000000s ]
INFO: [ app_init ] --END-- [ RunTime:0.000000s ]
ERR: 无法加载模块:Menu

