[ 2016-11-09T15:32:43+08:00 ] 127.0.0.1 /admin.php
INFO: [ app_init ] --START--
INFO: Run Behavior\BuildLiteBehavior [ RunTime:0.000000s ]
INFO: [ app_init ] --END-- [ RunTime:0.022002s ]
INFO: [ app_begin ] --START--
INFO: Run Behavior\ReadHtmlCacheBehavior [ RunTime:0.001000s ]
INFO: [ app_begin ] --END-- [ RunTime:0.001000s ]
INFO: [ view_parse ] --START--
INFO: [ template_filter ] --START--
INFO: Run Behavior\ContentReplaceBehavior [ RunTime:0.012000s ]
INFO: [ template_filter ] --END-- [ RunTime:0.012000s ]
NOTIC: [2048] Declaration of Common\Model\MenuModel::find() should be compatible with Think\Model::find($options = Array) D:\WWW\project\Application\Common\Model\MenuModel.class.php 第 5 行.
SQL: SHOW COLUMNS FROM `cms_menu` [ RunTime:0.0520s ]
SQL: SELECT * FROM `cms_menu` WHERE `status` <> -1 AND `type` = 1 ORDER BY listorder desc,menu_id desc  [ RunTime:0.0010s ]
NOTIC: [8] Undefined index: a D:\WWW\project\Application\Common\Common\function.php 第 26 行.
NOTIC: [8] Undefined index: a D:\WWW\project\Application\Common\Common\function.php 第 26 行.
NOTIC: [8] Undefined index: a D:\WWW\project\Application\Common\Common\function.php 第 26 行.
INFO: Run Behavior\ParseTemplateBehavior [ RunTime:0.161009s ]
INFO: [ view_parse ] --END-- [ RunTime:0.161009s ]
INFO: [ view_filter ] --START--
INFO: Run Behavior\WriteHtmlCacheBehavior [ RunTime:0.020001s ]
INFO: [ view_filter ] --END-- [ RunTime:0.020001s ]
INFO: [ app_end ] --START--
INFO: Run Behavior\ShowPageTraceBehavior [ RunTime:0.002000s ]
INFO: [ app_end ] --END-- [ RunTime:0.002000s ]

[ 2016-11-09T16:22:30+08:00 ] 127.0.0.1 /admin.php?m=Admin&c=Name
INFO: [ app_init ] --START--
INFO: Run Behavior\BuildLiteBehavior [ RunTime:0.000000s ]
INFO: [ app_init ] --END-- [ RunTime:0.000000s ]
INFO: [ app_begin ] --START--
INFO: Run Behavior\ReadHtmlCacheBehavior [ RunTime:0.001000s ]
INFO: [ app_begin ] --END-- [ RunTime:0.001000s ]
INFO: [ view_parse ] --START--
NOTIC: [8] Undefined index: item D:\WWW\project\ThinkPHP\Library\Think\Template\TagLib\Cx.class.php 第 113 行.
INFO: [ template_filter ] --START--
INFO: Run Behavior\ContentReplaceBehavior [ RunTime:0.000000s ]
INFO: [ template_filter ] --END-- [ RunTime:0.001000s ]

[ 2016-11-09T16:22:59+08:00 ] 127.0.0.1 /admin.php?m=Admin&c=Name$a=index
INFO: [ app_init ] --START--
INFO: Run Behavior\BuildLiteBehavior [ RunTime:0.000000s ]
INFO: [ app_init ] --END-- [ RunTime:0.000000s ]
INFO: [ app_begin ] --START--
INFO: Run Behavior\ReadHtmlCacheBehavior [ RunTime:0.001001s ]
INFO: [ app_begin ] --END-- [ RunTime:0.001001s ]
ERR: 无法加载控制器:Name$a=index

[ 2016-11-09T16:23:11+08:00 ] 127.0.0.1 /admin.php?m=Admin&c=Name&a=index
INFO: [ app_init ] --START--
INFO: Run Behavior\BuildLiteBehavior [ RunTime:0.000000s ]
INFO: [ app_init ] --END-- [ RunTime:0.000000s ]
INFO: [ app_begin ] --START--
INFO: Run Behavior\ReadHtmlCacheBehavior [ RunTime:0.001000s ]
INFO: [ app_begin ] --END-- [ RunTime:0.001000s ]
INFO: [ view_parse ] --START--
NOTIC: [8] Undefined index: item D:\WWW\project\ThinkPHP\Library\Think\Template\TagLib\Cx.class.php 第 113 行.
INFO: [ template_filter ] --START--
INFO: Run Behavior\ContentReplaceBehavior [ RunTime:0.000000s ]
INFO: [ template_filter ] --END-- [ RunTime:0.000000s ]

[ 2016-11-09T16:24:03+08:00 ] 127.0.0.1 /admin.php?m=Admin&c=Name&a=index
INFO: [ app_init ] --START--
INFO: Run Behavior\BuildLiteBehavior [ RunTime:0.000000s ]
INFO: [ app_init ] --END-- [ RunTime:0.000000s ]
INFO: [ app_begin ] --START--
INFO: Run Behavior\ReadHtmlCacheBehavior [ RunTime:0.001000s ]
INFO: [ app_begin ] --END-- [ RunTime:0.001000s ]
INFO: [ view_parse ] --START--
NOTIC: [8] Undefined index: item D:\WWW\project\ThinkPHP\Library\Think\Template\TagLib\Cx.class.php 第 113 行.
INFO: [ template_filter ] --START--
INFO: Run Behavior\ContentReplaceBehavior [ RunTime:0.000000s ]
INFO: [ template_filter ] --END-- [ RunTime:0.000000s ]

[ 2016-11-09T16:24:03+08:00 ] 127.0.0.1 /admin.php?m=Admin&c=Name&a=index
INFO: [ app_init ] --START--
INFO: Run Behavior\BuildLiteBehavior [ RunTime:0.000000s ]
INFO: [ app_init ] --END-- [ RunTime:0.000000s ]
INFO: [ app_begin ] --START--
INFO: Run Behavior\ReadHtmlCacheBehavior [ RunTime:0.000000s ]
INFO: [ app_begin ] --END-- [ RunTime:0.000000s ]
INFO: [ view_parse ] --START--
NOTIC: [8] Undefined index: item D:\WWW\project\ThinkPHP\Library\Think\Template\TagLib\Cx.class.php 第 113 行.
INFO: [ template_filter ] --START--
INFO: Run Behavior\ContentReplaceBehavior [ RunTime:0.000000s ]
INFO: [ template_filter ] --END-- [ RunTime:0.000000s ]

[ 2016-11-09T16:24:04+08:00 ] 127.0.0.1 /admin.php?m=Admin&c=Name&a=index
INFO: [ app_init ] --START--
INFO: Run Behavior\BuildLiteBehavior [ RunTime:0.000000s ]
INFO: [ app_init ] --END-- [ RunTime:0.000000s ]
INFO: [ app_begin ] --START--
INFO: Run Behavior\ReadHtmlCacheBehavior [ RunTime:0.001000s ]
INFO: [ app_begin ] --END-- [ RunTime:0.001000s ]
INFO: [ view_parse ] --START--
NOTIC: [8] Undefined index: item D:\WWW\project\ThinkPHP\Library\Think\Template\TagLib\Cx.class.php 第 113 行.
INFO: [ template_filter ] --START--
INFO: Run Behavior\ContentReplaceBehavior [ RunTime:0.000000s ]
INFO: [ template_filter ] --END-- [ RunTime:0.000000s ]

[ 2016-11-09T16:24:04+08:00 ] 127.0.0.1 /admin.php?m=Admin&c=Name&a=index
INFO: [ app_init ] --START--
INFO: Run Behavior\BuildLiteBehavior [ RunTime:0.000000s ]
INFO: [ app_init ] --END-- [ RunTime:0.001000s ]
INFO: [ app_begin ] --START--
INFO: Run Behavior\ReadHtmlCacheBehavior [ RunTime:0.000000s ]
INFO: [ app_begin ] --END-- [ RunTime:0.001000s ]
INFO: [ view_parse ] --START--
NOTIC: [8] Undefined index: item D:\WWW\project\ThinkPHP\Library\Think\Template\TagLib\Cx.class.php 第 113 行.
INFO: [ template_filter ] --START--
INFO: Run Behavior\ContentReplaceBehavior [ RunTime:0.000000s ]
INFO: [ template_filter ] --END-- [ RunTime:0.000000s ]

[ 2016-11-09T16:24:04+08:00 ] 127.0.0.1 /admin.php?m=Admin&c=Name&a=index
INFO: [ app_init ] --START--
INFO: Run Behavior\BuildLiteBehavior [ RunTime:0.000000s ]
INFO: [ app_init ] --END-- [ RunTime:0.000000s ]
INFO: [ app_begin ] --START--
INFO: Run Behavior\ReadHtmlCacheBehavior [ RunTime:0.001000s ]
INFO: [ app_begin ] --END-- [ RunTime:0.001000s ]
INFO: [ view_parse ] --START--
NOTIC: [8] Undefined index: item D:\WWW\project\ThinkPHP\Library\Think\Template\TagLib\Cx.class.php 第 113 行.
INFO: [ template_filter ] --START--
INFO: Run Behavior\ContentReplaceBehavior [ RunTime:0.000000s ]
INFO: [ template_filter ] --END-- [ RunTime:0.000000s ]

[ 2016-11-09T16:24:05+08:00 ] 127.0.0.1 /admin.php?m=Admin&c=Name&a=index
INFO: [ app_init ] --START--
INFO: Run Behavior\BuildLiteBehavior [ RunTime:0.000000s ]
INFO: [ app_init ] --END-- [ RunTime:0.000000s ]
INFO: [ app_begin ] --START--
INFO: Run Behavior\ReadHtmlCacheBehavior [ RunTime:0.001000s ]
INFO: [ app_begin ] --END-- [ RunTime:0.001000s ]
INFO: [ view_parse ] --START--
NOTIC: [8] Undefined index: item D:\WWW\project\ThinkPHP\Library\Think\Template\TagLib\Cx.class.php 第 113 行.
INFO: [ template_filter ] --START--
INFO: Run Behavior\ContentReplaceBehavior [ RunTime:0.000000s ]
INFO: [ template_filter ] --END-- [ RunTime:0.000000s ]

[ 2016-11-09T16:24:05+08:00 ] 127.0.0.1 /admin.php?m=Admin&c=Name&a=index
INFO: [ app_init ] --START--
INFO: Run Behavior\BuildLiteBehavior [ RunTime:0.000000s ]
INFO: [ app_init ] --END-- [ RunTime:0.000000s ]
INFO: [ app_begin ] --START--
INFO: Run Behavior\ReadHtmlCacheBehavior [ RunTime:0.000000s ]
INFO: [ app_begin ] --END-- [ RunTime:0.000000s ]
INFO: [ view_parse ] --START--
NOTIC: [8] Undefined index: item D:\WWW\project\ThinkPHP\Library\Think\Template\TagLib\Cx.class.php 第 113 行.
INFO: [ template_filter ] --START--
INFO: Run Behavior\ContentReplaceBehavior [ RunTime:0.000000s ]
INFO: [ template_filter ] --END-- [ RunTime:0.000000s ]

[ 2016-11-09T16:24:49+08:00 ] 127.0.0.1 /admin.php?m=Admin&c=Name&a=index
INFO: [ app_init ] --START--
INFO: Run Behavior\BuildLiteBehavior [ RunTime:0.000000s ]
INFO: [ app_init ] --END-- [ RunTime:0.001000s ]
INFO: [ app_begin ] --START--
INFO: Run Behavior\ReadHtmlCacheBehavior [ RunTime:0.001000s ]
INFO: [ app_begin ] --END-- [ RunTime:0.001000s ]
INFO: [ view_parse ] --START--
NOTIC: [8] Undefined index: item D:\WWW\project\ThinkPHP\Library\Think\Template\TagLib\Cx.class.php 第 113 行.
INFO: [ template_filter ] --START--
INFO: Run Behavior\ContentReplaceBehavior [ RunTime:0.000000s ]
INFO: [ template_filter ] --END-- [ RunTime:0.000000s ]

[ 2016-11-09T16:24:50+08:00 ] 127.0.0.1 /admin.php?m=Admin&c=Name&a=index
INFO: [ app_init ] --START--
INFO: Run Behavior\BuildLiteBehavior [ RunTime:0.000000s ]
INFO: [ app_init ] --END-- [ RunTime:0.000000s ]
INFO: [ app_begin ] --START--
INFO: Run Behavior\ReadHtmlCacheBehavior [ RunTime:0.000000s ]
INFO: [ app_begin ] --END-- [ RunTime:0.000000s ]
INFO: [ view_parse ] --START--
NOTIC: [8] Undefined index: item D:\WWW\project\ThinkPHP\Library\Think\Template\TagLib\Cx.class.php 第 113 行.
INFO: [ template_filter ] --START--
INFO: Run Behavior\ContentReplaceBehavior [ RunTime:0.000000s ]
INFO: [ template_filter ] --END-- [ RunTime:0.000000s ]

[ 2016-11-09T16:24:50+08:00 ] 127.0.0.1 /admin.php?m=Admin&c=Name&a=index
INFO: [ app_init ] --START--
INFO: Run Behavior\BuildLiteBehavior [ RunTime:0.000000s ]
INFO: [ app_init ] --END-- [ RunTime:0.001000s ]
INFO: [ app_begin ] --START--
INFO: Run Behavior\ReadHtmlCacheBehavior [ RunTime:0.001000s ]
INFO: [ app_begin ] --END-- [ RunTime:0.001000s ]
INFO: [ view_parse ] --START--
NOTIC: [8] Undefined index: item D:\WWW\project\ThinkPHP\Library\Think\Template\TagLib\Cx.class.php 第 113 行.
INFO: [ template_filter ] --START--
INFO: Run Behavior\ContentReplaceBehavior [ RunTime:0.000000s ]
INFO: [ template_filter ] --END-- [ RunTime:0.000000s ]

[ 2016-11-09T16:24:50+08:00 ] 127.0.0.1 /admin.php?m=Admin&c=Name&a=index
INFO: [ app_init ] --START--
INFO: Run Behavior\BuildLiteBehavior [ RunTime:0.000000s ]
INFO: [ app_init ] --END-- [ RunTime:0.000000s ]
INFO: [ app_begin ] --START--
INFO: Run Behavior\ReadHtmlCacheBehavior [ RunTime:0.001000s ]
INFO: [ app_begin ] --END-- [ RunTime:0.001000s ]
INFO: [ view_parse ] --START--
NOTIC: [8] Undefined index: item D:\WWW\project\ThinkPHP\Library\Think\Template\TagLib\Cx.class.php 第 113 行.
INFO: [ template_filter ] --START--
INFO: Run Behavior\ContentReplaceBehavior [ RunTime:0.000000s ]
INFO: [ template_filter ] --END-- [ RunTime:0.000000s ]

[ 2016-11-09T16:24:50+08:00 ] 127.0.0.1 /admin.php?m=Admin&c=Name&a=index
INFO: [ app_init ] --START--
INFO: Run Behavior\BuildLiteBehavior [ RunTime:0.000000s ]
INFO: [ app_init ] --END-- [ RunTime:0.001001s ]
INFO: [ app_begin ] --START--
INFO: Run Behavior\ReadHtmlCacheBehavior [ RunTime:0.001000s ]
INFO: [ app_begin ] --END-- [ RunTime:0.001000s ]
INFO: [ view_parse ] --START--
NOTIC: [8] Undefined index: item D:\WWW\project\ThinkPHP\Library\Think\Template\TagLib\Cx.class.php 第 113 行.
INFO: [ template_filter ] --START--
INFO: Run Behavior\ContentReplaceBehavior [ RunTime:0.001000s ]
INFO: [ template_filter ] --END-- [ RunTime:0.001000s ]

[ 2016-11-09T16:25:31+08:00 ] 127.0.0.1 /admin.php?m=Admin&c=Name&a=index
INFO: [ app_init ] --START--
INFO: Run Behavior\BuildLiteBehavior [ RunTime:0.000000s ]
INFO: [ app_init ] --END-- [ RunTime:0.000000s ]
INFO: [ app_begin ] --START--
INFO: Run Behavior\ReadHtmlCacheBehavior [ RunTime:0.001000s ]
INFO: [ app_begin ] --END-- [ RunTime:0.001000s ]
INFO: [ view_parse ] --START--
INFO: [ template_filter ] --START--
INFO: Run Behavior\ContentReplaceBehavior [ RunTime:0.000000s ]
INFO: [ template_filter ] --END-- [ RunTime:0.000000s ]
NOTIC: [8] Undefined variable: nlist D:\WWW\project\Application\Runtime\Cache\Admin\ff66a376644c19b8bc4e0d102c4183a7.php 第 8 行.
INFO: Run Behavior\ParseTemplateBehavior [ RunTime:0.006001s ]
INFO: [ view_parse ] --END-- [ RunTime:0.006001s ]
INFO: [ view_filter ] --START--
INFO: Run Behavior\WriteHtmlCacheBehavior [ RunTime:0.001000s ]
INFO: [ view_filter ] --END-- [ RunTime:0.001000s ]
INFO: [ app_end ] --START--
INFO: Run Behavior\ShowPageTraceBehavior [ RunTime:0.000000s ]
INFO: [ app_end ] --END-- [ RunTime:0.000000s ]

[ 2016-11-09T16:25:36+08:00 ] 127.0.0.1 /admin.php?m=Admin&c=Name&a=index
INFO: [ app_init ] --START--
INFO: Run Behavior\BuildLiteBehavior [ RunTime:0.000000s ]
INFO: [ app_init ] --END-- [ RunTime:0.001000s ]
INFO: [ app_begin ] --START--
INFO: Run Behavior\ReadHtmlCacheBehavior [ RunTime:0.000000s ]
INFO: [ app_begin ] --END-- [ RunTime:0.000000s ]
INFO: [ view_parse ] --START--
INFO: [ template_filter ] --START--
INFO: Run Behavior\ContentReplaceBehavior [ RunTime:0.000000s ]
INFO: [ template_filter ] --END-- [ RunTime:0.001000s ]
NOTIC: [8] Undefined variable: nlist D:\WWW\project\Application\Runtime\Cache\Admin\ff66a376644c19b8bc4e0d102c4183a7.php 第 8 行.
INFO: Run Behavior\ParseTemplateBehavior [ RunTime:0.006001s ]
INFO: [ view_parse ] --END-- [ RunTime:0.006001s ]
INFO: [ view_filter ] --START--
INFO: Run Behavior\WriteHtmlCacheBehavior [ RunTime:0.001000s ]
INFO: [ view_filter ] --END-- [ RunTime:0.001000s ]
INFO: [ app_end ] --START--
INFO: Run Behavior\ShowPageTraceBehavior [ RunTime:0.000000s ]
INFO: [ app_end ] --END-- [ RunTime:0.000000s ]

[ 2016-11-09T16:25:36+08:00 ] 127.0.0.1 /admin.php?m=Admin&c=Name&a=index
INFO: [ app_init ] --START--
INFO: Run Behavior\BuildLiteBehavior [ RunTime:0.000000s ]
INFO: [ app_init ] --END-- [ RunTime:0.000000s ]
INFO: [ app_begin ] --START--
INFO: Run Behavior\ReadHtmlCacheBehavior [ RunTime:0.000000s ]
INFO: [ app_begin ] --END-- [ RunTime:0.000000s ]
INFO: [ view_parse ] --START--
INFO: [ template_filter ] --START--
INFO: Run Behavior\ContentReplaceBehavior [ RunTime:0.000000s ]
INFO: [ template_filter ] --END-- [ RunTime:0.000000s ]
NOTIC: [8] Undefined variable: nlist D:\WWW\project\Application\Runtime\Cache\Admin\ff66a376644c19b8bc4e0d102c4183a7.php 第 8 行.
INFO: Run Behavior\ParseTemplateBehavior [ RunTime:0.007001s ]
INFO: [ view_parse ] --END-- [ RunTime:0.007001s ]
INFO: [ view_filter ] --START--
INFO: Run Behavior\WriteHtmlCacheBehavior [ RunTime:0.000000s ]
INFO: [ view_filter ] --END-- [ RunTime:0.000000s ]
INFO: [ app_end ] --START--
INFO: Run Behavior\ShowPageTraceBehavior [ RunTime:0.000000s ]
INFO: [ app_end ] --END-- [ RunTime:0.000000s ]

[ 2016-11-09T16:25:37+08:00 ] 127.0.0.1 /admin.php?m=Admin&c=Name&a=index
INFO: [ app_init ] --START--
INFO: Run Behavior\BuildLiteBehavior [ RunTime:0.000000s ]
INFO: [ app_init ] --END-- [ RunTime:0.000000s ]
INFO: [ app_begin ] --START--
INFO: Run Behavior\ReadHtmlCacheBehavior [ RunTime:0.000000s ]
INFO: [ app_begin ] --END-- [ RunTime:0.000000s ]
INFO: [ view_parse ] --START--
INFO: [ template_filter ] --START--
INFO: Run Behavior\ContentReplaceBehavior [ RunTime:0.000000s ]
INFO: [ template_filter ] --END-- [ RunTime:0.000000s ]
NOTIC: [8] Undefined variable: nlist D:\WWW\project\Application\Runtime\Cache\Admin\ff66a376644c19b8bc4e0d102c4183a7.php 第 8 行.
INFO: Run Behavior\ParseTemplateBehavior [ RunTime:0.004000s ]
INFO: [ view_parse ] --END-- [ RunTime:0.004000s ]
INFO: [ view_filter ] --START--
INFO: Run Behavior\WriteHtmlCacheBehavior [ RunTime:0.001000s ]
INFO: [ view_filter ] --END-- [ RunTime:0.001000s ]
INFO: [ app_end ] --START--
INFO: Run Behavior\ShowPageTraceBehavior [ RunTime:0.000000s ]
INFO: [ app_end ] --END-- [ RunTime:0.000000s ]

[ 2016-11-09T16:26:26+08:00 ] 127.0.0.1 /admin.php?m=Admin&c=Name&a=index
INFO: [ app_init ] --START--
INFO: Run Behavior\BuildLiteBehavior [ RunTime:0.000000s ]
INFO: [ app_init ] --END-- [ RunTime:0.001000s ]
INFO: [ app_begin ] --START--
INFO: Run Behavior\ReadHtmlCacheBehavior [ RunTime:0.001000s ]
INFO: [ app_begin ] --END-- [ RunTime:0.001000s ]
INFO: [ view_parse ] --START--
INFO: [ template_filter ] --START--
INFO: Run Behavior\ContentReplaceBehavior [ RunTime:0.000000s ]
INFO: [ template_filter ] --END-- [ RunTime:0.000000s ]
NOTIC: [8] Undefined variable: nlist D:\WWW\project\Application\Runtime\Cache\Admin\ff66a376644c19b8bc4e0d102c4183a7.php 第 8 行.
INFO: Run Behavior\ParseTemplateBehavior [ RunTime:0.008000s ]
INFO: [ view_parse ] --END-- [ RunTime:0.008000s ]
INFO: [ view_filter ] --START--
INFO: Run Behavior\WriteHtmlCacheBehavior [ RunTime:0.000000s ]
INFO: [ view_filter ] --END-- [ RunTime:0.000000s ]
INFO: [ app_end ] --START--
INFO: Run Behavior\ShowPageTraceBehavior [ RunTime:0.000000s ]
INFO: [ app_end ] --END-- [ RunTime:0.000000s ]

[ 2016-11-09T16:26:27+08:00 ] 127.0.0.1 /admin.php?m=Admin&c=Name&a=index
INFO: [ app_init ] --START--
INFO: Run Behavior\BuildLiteBehavior [ RunTime:0.000000s ]
INFO: [ app_init ] --END-- [ RunTime:0.000000s ]
INFO: [ app_begin ] --START--
INFO: Run Behavior\ReadHtmlCacheBehavior [ RunTime:0.000000s ]
INFO: [ app_begin ] --END-- [ RunTime:0.000000s ]
INFO: [ view_parse ] --START--
INFO: [ template_filter ] --START--
INFO: Run Behavior\ContentReplaceBehavior [ RunTime:0.000000s ]
INFO: [ template_filter ] --END-- [ RunTime:0.000000s ]
NOTIC: [8] Undefined variable: nlist D:\WWW\project\Application\Runtime\Cache\Admin\ff66a376644c19b8bc4e0d102c4183a7.php 第 8 行.
INFO: Run Behavior\ParseTemplateBehavior [ RunTime:0.006000s ]
INFO: [ view_parse ] --END-- [ RunTime:0.006000s ]
INFO: [ view_filter ] --START--
INFO: Run Behavior\WriteHtmlCacheBehavior [ RunTime:0.001000s ]
INFO: [ view_filter ] --END-- [ RunTime:0.001000s ]
INFO: [ app_end ] --START--
INFO: Run Behavior\ShowPageTraceBehavior [ RunTime:0.000000s ]
INFO: [ app_end ] --END-- [ RunTime:0.000000s ]

[ 2016-11-09T16:26:27+08:00 ] 127.0.0.1 /admin.php?m=Admin&c=Name&a=index
INFO: [ app_init ] --START--
INFO: Run Behavior\BuildLiteBehavior [ RunTime:0.000000s ]
INFO: [ app_init ] --END-- [ RunTime:0.001000s ]
INFO: [ app_begin ] --START--
INFO: Run Behavior\ReadHtmlCacheBehavior [ RunTime:0.000000s ]
INFO: [ app_begin ] --END-- [ RunTime:0.000000s ]
INFO: [ view_parse ] --START--
INFO: [ template_filter ] --START--
INFO: Run Behavior\ContentReplaceBehavior [ RunTime:0.000000s ]
INFO: [ template_filter ] --END-- [ RunTime:0.000000s ]
NOTIC: [8] Undefined variable: nlist D:\WWW\project\Application\Runtime\Cache\Admin\ff66a376644c19b8bc4e0d102c4183a7.php 第 8 行.
INFO: Run Behavior\ParseTemplateBehavior [ RunTime:0.007000s ]
INFO: [ view_parse ] --END-- [ RunTime:0.007000s ]
INFO: [ view_filter ] --START--
INFO: Run Behavior\WriteHtmlCacheBehavior [ RunTime:0.001000s ]
INFO: [ view_filter ] --END-- [ RunTime:0.001000s ]
INFO: [ app_end ] --START--
INFO: Run Behavior\ShowPageTraceBehavior [ RunTime:0.000000s ]
INFO: [ app_end ] --END-- [ RunTime:0.000000s ]

[ 2016-11-09T16:26:27+08:00 ] 127.0.0.1 /admin.php?m=Admin&c=Name&a=index
INFO: [ app_init ] --START--
INFO: Run Behavior\BuildLiteBehavior [ RunTime:0.000000s ]
INFO: [ app_init ] --END-- [ RunTime:0.000000s ]
INFO: [ app_begin ] --START--
INFO: Run Behavior\ReadHtmlCacheBehavior [ RunTime:0.001000s ]
INFO: [ app_begin ] --END-- [ RunTime:0.001000s ]
INFO: [ view_parse ] --START--
INFO: [ template_filter ] --START--
INFO: Run Behavior\ContentReplaceBehavior [ RunTime:0.000000s ]
INFO: [ template_filter ] --END-- [ RunTime:0.000000s ]
NOTIC: [8] Undefined variable: nlist D:\WWW\project\Application\Runtime\Cache\Admin\ff66a376644c19b8bc4e0d102c4183a7.php 第 8 行.
INFO: Run Behavior\ParseTemplateBehavior [ RunTime:0.007001s ]
INFO: [ view_parse ] --END-- [ RunTime:0.007001s ]
INFO: [ view_filter ] --START--
INFO: Run Behavior\WriteHtmlCacheBehavior [ RunTime:0.000000s ]
INFO: [ view_filter ] --END-- [ RunTime:0.000000s ]
INFO: [ app_end ] --START--
INFO: Run Behavior\ShowPageTraceBehavior [ RunTime:0.000000s ]
INFO: [ app_end ] --END-- [ RunTime:0.000000s ]

[ 2016-11-09T16:26:46+08:00 ] 127.0.0.1 /admin.php?m=Admin&c=Name&a=index
INFO: [ app_init ] --START--
INFO: Run Behavior\BuildLiteBehavior [ RunTime:0.000000s ]
INFO: [ app_init ] --END-- [ RunTime:0.001000s ]
INFO: [ app_begin ] --START--
INFO: Run Behavior\ReadHtmlCacheBehavior [ RunTime:0.001000s ]
INFO: [ app_begin ] --END-- [ RunTime:0.001000s ]
INFO: [ view_parse ] --START--
INFO: [ template_filter ] --START--
INFO: Run Behavior\ContentReplaceBehavior [ RunTime:0.000000s ]
INFO: [ template_filter ] --END-- [ RunTime:0.000000s ]
NOTIC: [8] Undefined variable: nlist D:\WWW\project\Application\Runtime\Cache\Admin\ff66a376644c19b8bc4e0d102c4183a7.php 第 8 行.
INFO: Run Behavior\ParseTemplateBehavior [ RunTime:0.005001s ]
INFO: [ view_parse ] --END-- [ RunTime:0.005001s ]
INFO: [ view_filter ] --START--
INFO: Run Behavior\WriteHtmlCacheBehavior [ RunTime:0.000000s ]
INFO: [ view_filter ] --END-- [ RunTime:0.000000s ]
INFO: [ app_end ] --START--
INFO: Run Behavior\ShowPageTraceBehavior [ RunTime:0.001000s ]
INFO: [ app_end ] --END-- [ RunTime:0.001000s ]

[ 2016-11-09T16:26:47+08:00 ] 127.0.0.1 /admin.php?m=Admin&c=Name&a=index
INFO: [ app_init ] --START--
INFO: Run Behavior\BuildLiteBehavior [ RunTime:0.000000s ]
INFO: [ app_init ] --END-- [ RunTime:0.000000s ]
INFO: [ app_begin ] --START--
INFO: Run Behavior\ReadHtmlCacheBehavior [ RunTime:0.000000s ]
INFO: [ app_begin ] --END-- [ RunTime:0.000000s ]
INFO: [ view_parse ] --START--
INFO: [ template_filter ] --START--
INFO: Run Behavior\ContentReplaceBehavior [ RunTime:0.000000s ]
INFO: [ template_filter ] --END-- [ RunTime:0.000000s ]
NOTIC: [8] Undefined variable: nlist D:\WWW\project\Application\Runtime\Cache\Admin\ff66a376644c19b8bc4e0d102c4183a7.php 第 8 行.
INFO: Run Behavior\ParseTemplateBehavior [ RunTime:0.006000s ]
INFO: [ view_parse ] --END-- [ RunTime:0.006000s ]
INFO: [ view_filter ] --START--
INFO: Run Behavior\WriteHtmlCacheBehavior [ RunTime:0.000000s ]
INFO: [ view_filter ] --END-- [ RunTime:0.000000s ]
INFO: [ app_end ] --START--
INFO: Run Behavior\ShowPageTraceBehavior [ RunTime:0.000000s ]
INFO: [ app_end ] --END-- [ RunTime:0.000000s ]

[ 2016-11-09T16:26:47+08:00 ] 127.0.0.1 /admin.php?m=Admin&c=Name&a=index
INFO: [ app_init ] --START--
INFO: Run Behavior\BuildLiteBehavior [ RunTime:0.000000s ]
INFO: [ app_init ] --END-- [ RunTime:0.001000s ]
INFO: [ app_begin ] --START--
INFO: Run Behavior\ReadHtmlCacheBehavior [ RunTime:0.001000s ]
INFO: [ app_begin ] --END-- [ RunTime:0.001000s ]
INFO: [ view_parse ] --START--
INFO: [ template_filter ] --START--
INFO: Run Behavior\ContentReplaceBehavior [ RunTime:0.000000s ]
INFO: [ template_filter ] --END-- [ RunTime:0.000000s ]
NOTIC: [8] Undefined variable: nlist D:\WWW\project\Application\Runtime\Cache\Admin\ff66a376644c19b8bc4e0d102c4183a7.php 第 8 行.
INFO: Run Behavior\ParseTemplateBehavior [ RunTime:0.011001s ]
INFO: [ view_parse ] --END-- [ RunTime:0.011001s ]
INFO: [ view_filter ] --START--
INFO: Run Behavior\WriteHtmlCacheBehavior [ RunTime:0.001000s ]
INFO: [ view_filter ] --END-- [ RunTime:0.001000s ]
INFO: [ app_end ] --START--
INFO: Run Behavior\ShowPageTraceBehavior [ RunTime:0.000000s ]
INFO: [ app_end ] --END-- [ RunTime:0.000000s ]

[ 2016-11-09T16:26:47+08:00 ] 127.0.0.1 /admin.php?m=Admin&c=Name&a=index
INFO: [ app_init ] --START--
INFO: Run Behavior\BuildLiteBehavior [ RunTime:0.000000s ]
INFO: [ app_init ] --END-- [ RunTime:0.000000s ]
INFO: [ app_begin ] --START--
INFO: Run Behavior\ReadHtmlCacheBehavior [ RunTime:0.001000s ]
INFO: [ app_begin ] --END-- [ RunTime:0.001000s ]
INFO: [ view_parse ] --START--
INFO: [ template_filter ] --START--
INFO: Run Behavior\ContentReplaceBehavior [ RunTime:0.000000s ]
INFO: [ template_filter ] --END-- [ RunTime:0.000000s ]
NOTIC: [8] Undefined variable: nlist D:\WWW\project\Application\Runtime\Cache\Admin\ff66a376644c19b8bc4e0d102c4183a7.php 第 8 行.
INFO: Run Behavior\ParseTemplateBehavior [ RunTime:0.004000s ]
INFO: [ view_parse ] --END-- [ RunTime:0.004000s ]
INFO: [ view_filter ] --START--
INFO: Run Behavior\WriteHtmlCacheBehavior [ RunTime:0.000000s ]
INFO: [ view_filter ] --END-- [ RunTime:0.000000s ]
INFO: [ app_end ] --START--
INFO: Run Behavior\ShowPageTraceBehavior [ RunTime:0.000000s ]
INFO: [ app_end ] --END-- [ RunTime:0.001000s ]

[ 2016-11-09T16:27:04+08:00 ] 127.0.0.1 /admin.php?m=Admin&c=Name&a=index
INFO: [ app_init ] --START--
INFO: Run Behavior\BuildLiteBehavior [ RunTime:0.000000s ]
INFO: [ app_init ] --END-- [ RunTime:0.001000s ]
INFO: [ app_begin ] --START--
INFO: Run Behavior\ReadHtmlCacheBehavior [ RunTime:0.001000s ]
INFO: [ app_begin ] --END-- [ RunTime:0.001000s ]
INFO: [ view_parse ] --START--
INFO: [ template_filter ] --START--
INFO: Run Behavior\ContentReplaceBehavior [ RunTime:0.000000s ]
INFO: [ template_filter ] --END-- [ RunTime:0.000000s ]
NOTIC: [8] Undefined variable: nlist D:\WWW\project\Application\Runtime\Cache\Admin\ff66a376644c19b8bc4e0d102c4183a7.php 第 8 行.
INFO: Run Behavior\ParseTemplateBehavior [ RunTime:0.005000s ]
INFO: [ view_parse ] --END-- [ RunTime:0.005000s ]
INFO: [ view_filter ] --START--
INFO: Run Behavior\WriteHtmlCacheBehavior [ RunTime:0.000000s ]
INFO: [ view_filter ] --END-- [ RunTime:0.000000s ]
INFO: [ app_end ] --START--
INFO: Run Behavior\ShowPageTraceBehavior [ RunTime:0.000000s ]
INFO: [ app_end ] --END-- [ RunTime:0.000000s ]

[ 2016-11-09T16:41:24+08:00 ] 127.0.0.1 /admin.php?m=Admin&c=Name&a=namelist
ERR: SQLSTATE[08001]: [Microsoft][SQL Server Native Client 11.0]命名管道提供程序: 无法打开与 SQL Server 的连接 [5]. 

[ 2016-11-09T16:42:48+08:00 ] 127.0.0.1 /admin.php?m=Admin&c=Name&a=namelist
ERR: SQLSTATE[08001]: [Microsoft][SQL Server Native Client 11.0]命名管道提供程序: 无法打开与 SQL Server 的连接 [5]. 

[ 2016-11-09T16:45:06+08:00 ] 127.0.0.1 /admin.php?m=Admin&c=Name&a=namelist
ERR: SQLSTATE[08001]: [Microsoft][SQL Server Native Client 11.0]TCP 提供程序: 由于目标计算机积极拒绝，无法连接。


[ 2016-11-09T16:45:31+08:00 ] 127.0.0.1 /admin.php?m=Admin&c=Name&a=namelist
ERR: SQLSTATE[08001]: [Microsoft][SQL Server Native Client 11.0]TCP 提供程序: 由于目标计算机积极拒绝，无法连接。


[ 2016-11-09T16:48:16+08:00 ] 127.0.0.1 /admin.php?m=Admin&c=Name&a=namelist
ERR: SQLSTATE[08001]: [Microsoft][SQL Server Native Client 11.0]命名管道提供程序: 无法打开与 SQL Server 的连接 [5]. 

[ 2016-11-09T16:49:01+08:00 ] 127.0.0.1 /admin.php?m=Admin&c=Name&a=namelist
ERR: SQLSTATE[08001]: [Microsoft][SQL Server Native Client 11.0]TCP 提供程序: 由于目标计算机积极拒绝，无法连接。


[ 2016-11-09T16:49:29+08:00 ] 127.0.0.1 /admin.php?m=Admin&c=Name&a=namelist
ERR: SQLSTATE[08001]: [Microsoft][SQL Server Native Client 11.0]命名管道提供程序: 无法打开与 SQL Server 的连接 [5]. 

[ 2016-11-09T16:49:52+08:00 ] 127.0.0.1 /admin.php?m=Admin&c=Name&a=namelist
ERR: 模板不存在:./Application/Admin/View/Name/namelist.html

[ 2016-11-09T16:49:56+08:00 ] 127.0.0.1 /admin.php?m=Admin&c=Name&a=namelist
ERR: 模板不存在:./Application/Admin/View/Name/namelist.html

[ 2016-11-09T16:49:57+08:00 ] 127.0.0.1 /admin.php?m=Admin&c=Name&a=namelist
ERR: 模板不存在:./Application/Admin/View/Name/namelist.html

[ 2016-11-09T16:50:08+08:00 ] 127.0.0.1 /admin.php?m=Admin&c=Name&a=namelist
ERR: 模板不存在:./Application/Admin/View/Name/namelist.html

[ 2016-11-09T16:50:18+08:00 ] 127.0.0.1 /admin.php?m=Admin&c=Name&a=index.php
ERR: 非法操作:index.php

[ 2016-11-09T16:51:59+08:00 ] 127.0.0.1 /admin.php?m=Admin&c=Name&a=namelist
ERR: 模板不存在:./Application/Admin/View/Name/namelist.html

[ 2016-11-09T17:27:45+08:00 ] 127.0.0.1 /admin.php
ERR: 208:[Microsoft][SQL Server Native Client 11.0][SQL Server]对象名 'menu' 无效。
 [ SQL语句 ] : SELECT T1.* FROM (SELECT thinkphp.*, ROW_NUMBER() OVER ( ORDER BY listorder desc,menu_id desc) AS ROW_NUMBER FROM (SELECT  * FROM [menu] WHERE [status] <> -1 AND [type] = 1 ) AS thinkphp) AS T1 

[ 2016-11-09T17:28:00+08:00 ] 127.0.0.1 /admin.php?m=Admin&c=Name&a=index
ERR: 非法操作:index

[ 2016-11-09T17:28:03+08:00 ] 127.0.0.1 /admin.php?m=Admin&c=Name&a=index
ERR: 非法操作:index

[ 2016-11-09T17:28:03+08:00 ] 127.0.0.1 /admin.php?m=Admin&c=Name&a=index
ERR: 非法操作:index

[ 2016-11-09T17:28:04+08:00 ] 127.0.0.1 /admin.php?m=Admin&c=Name&a=index
ERR: 非法操作:index

[ 2016-11-09T17:28:05+08:00 ] 127.0.0.1 /admin.php?m=Admin&c=Name&a=index
ERR: 非法操作:index

[ 2016-11-09T17:28:05+08:00 ] 127.0.0.1 /admin.php
ERR: 208:[Microsoft][SQL Server Native Client 11.0][SQL Server]对象名 'menu' 无效。
 [ SQL语句 ] : SELECT T1.* FROM (SELECT thinkphp.*, ROW_NUMBER() OVER ( ORDER BY listorder desc,menu_id desc) AS ROW_NUMBER FROM (SELECT  * FROM [menu] WHERE [status] <> -1 AND [type] = 1 ) AS thinkphp) AS T1 

[ 2016-11-09T17:28:53+08:00 ] 127.0.0.1 /index.php?m=admin&c=login&a=check
INFO: [ app_begin ] --START--
INFO: Run Behavior\ReadHtmlCacheBehavior [ RunTime:0.000000s ]
INFO: [ app_begin ] --END-- [ RunTime:0.001000s ]
SQL: SELECT   column_name,   data_type,   column_default,   is_nullable
        FROM    information_schema.tables AS t
        JOIN    information_schema.columns AS c
        ON  t.table_catalog = c.table_catalog
        AND t.table_schema  = c.table_schema
        AND t.table_name    = c.table_name
        WHERE   t.table_name = 'admin' [ RunTime:0.0390s ]
ERR: 208:[Microsoft][SQL Server Native Client 11.0][SQL Server]对象名 'admin' 无效。
 [ SQL语句 ] : SELECT T1.* FROM (SELECT thinkphp.*, ROW_NUMBER() OVER ( ORDER BY rand()) AS ROW_NUMBER FROM (SELECT  * FROM [admin] WHERE ( username="admin" ) ) AS thinkphp) AS T1 WHERE (T1.ROW_NUMBER BETWEEN 1 AND 1)
ERR: 208:[Microsoft][SQL Server Native Client 11.0][SQL Server]对象名 'admin' 无效。
 [ SQL语句 ] : SELECT T1.* FROM (SELECT thinkphp.*, ROW_NUMBER() OVER ( ORDER BY rand()) AS ROW_NUMBER FROM (SELECT  * FROM [admin] WHERE ( username="admin" ) ) AS thinkphp) AS T1 WHERE (T1.ROW_NUMBER BETWEEN 1 AND 1)

[ 2016-11-09T17:28:57+08:00 ] 127.0.0.1 /index.php?m=admin&c=login&a=check
INFO: [ app_begin ] --START--
INFO: Run Behavior\ReadHtmlCacheBehavior [ RunTime:0.000000s ]
INFO: [ app_begin ] --END-- [ RunTime:0.001000s ]
SQL: SELECT   column_name,   data_type,   column_default,   is_nullable
        FROM    information_schema.tables AS t
        JOIN    information_schema.columns AS c
        ON  t.table_catalog = c.table_catalog
        AND t.table_schema  = c.table_schema
        AND t.table_name    = c.table_name
        WHERE   t.table_name = 'admin' [ RunTime:0.0010s ]
ERR: 208:[Microsoft][SQL Server Native Client 11.0][SQL Server]对象名 'admin' 无效。
 [ SQL语句 ] : SELECT T1.* FROM (SELECT thinkphp.*, ROW_NUMBER() OVER ( ORDER BY rand()) AS ROW_NUMBER FROM (SELECT  * FROM [admin] WHERE ( username="admin" ) ) AS thinkphp) AS T1 WHERE (T1.ROW_NUMBER BETWEEN 1 AND 1)
ERR: 208:[Microsoft][SQL Server Native Client 11.0][SQL Server]对象名 'admin' 无效。
 [ SQL语句 ] : SELECT T1.* FROM (SELECT thinkphp.*, ROW_NUMBER() OVER ( ORDER BY rand()) AS ROW_NUMBER FROM (SELECT  * FROM [admin] WHERE ( username="admin" ) ) AS thinkphp) AS T1 WHERE (T1.ROW_NUMBER BETWEEN 1 AND 1)

[ 2016-11-09T17:28:57+08:00 ] 127.0.0.1 /index.php?m=admin&c=login&a=check
INFO: [ app_begin ] --START--
INFO: Run Behavior\ReadHtmlCacheBehavior [ RunTime:0.001000s ]
INFO: [ app_begin ] --END-- [ RunTime:0.001000s ]
SQL: SELECT   column_name,   data_type,   column_default,   is_nullable
        FROM    information_schema.tables AS t
        JOIN    information_schema.columns AS c
        ON  t.table_catalog = c.table_catalog
        AND t.table_schema  = c.table_schema
        AND t.table_name    = c.table_name
        WHERE   t.table_name = 'admin' [ RunTime:0.0000s ]
ERR: 208:[Microsoft][SQL Server Native Client 11.0][SQL Server]对象名 'admin' 无效。
 [ SQL语句 ] : SELECT T1.* FROM (SELECT thinkphp.*, ROW_NUMBER() OVER ( ORDER BY rand()) AS ROW_NUMBER FROM (SELECT  * FROM [admin] WHERE ( username="admin" ) ) AS thinkphp) AS T1 WHERE (T1.ROW_NUMBER BETWEEN 1 AND 1)
ERR: 208:[Microsoft][SQL Server Native Client 11.0][SQL Server]对象名 'admin' 无效。
 [ SQL语句 ] : SELECT T1.* FROM (SELECT thinkphp.*, ROW_NUMBER() OVER ( ORDER BY rand()) AS ROW_NUMBER FROM (SELECT  * FROM [admin] WHERE ( username="admin" ) ) AS thinkphp) AS T1 WHERE (T1.ROW_NUMBER BETWEEN 1 AND 1)

[ 2016-11-09T17:28:58+08:00 ] 127.0.0.1 /index.php?m=admin&c=login&a=check
INFO: [ app_begin ] --START--
INFO: Run Behavior\ReadHtmlCacheBehavior [ RunTime:0.000000s ]
INFO: [ app_begin ] --END-- [ RunTime:0.001000s ]
SQL: SELECT   column_name,   data_type,   column_default,   is_nullable
        FROM    information_schema.tables AS t
        JOIN    information_schema.columns AS c
        ON  t.table_catalog = c.table_catalog
        AND t.table_schema  = c.table_schema
        AND t.table_name    = c.table_name
        WHERE   t.table_name = 'admin' [ RunTime:0.0010s ]
ERR: 208:[Microsoft][SQL Server Native Client 11.0][SQL Server]对象名 'admin' 无效。
 [ SQL语句 ] : SELECT T1.* FROM (SELECT thinkphp.*, ROW_NUMBER() OVER ( ORDER BY rand()) AS ROW_NUMBER FROM (SELECT  * FROM [admin] WHERE ( username="admin" ) ) AS thinkphp) AS T1 WHERE (T1.ROW_NUMBER BETWEEN 1 AND 1)
ERR: 208:[Microsoft][SQL Server Native Client 11.0][SQL Server]对象名 'admin' 无效。
 [ SQL语句 ] : SELECT T1.* FROM (SELECT thinkphp.*, ROW_NUMBER() OVER ( ORDER BY rand()) AS ROW_NUMBER FROM (SELECT  * FROM [admin] WHERE ( username="admin" ) ) AS thinkphp) AS T1 WHERE (T1.ROW_NUMBER BETWEEN 1 AND 1)

[ 2016-11-09T18:06:58+08:00 ] 127.0.0.1 /index.php?m=admin&c=login&a=check
INFO: [ app_begin ] --START--
INFO: Run Behavior\ReadHtmlCacheBehavior [ RunTime:0.001000s ]
INFO: [ app_begin ] --END-- [ RunTime:0.001000s ]

[ 2016-11-09T18:07:07+08:00 ] 127.0.0.1 /index.php?m=admin&c=login&a=check
INFO: [ app_begin ] --START--
INFO: Run Behavior\ReadHtmlCacheBehavior [ RunTime:0.000000s ]
INFO: [ app_begin ] --END-- [ RunTime:0.001000s ]
SQL: SELECT   column_name,   data_type,   column_default,   is_nullable
        FROM    information_schema.tables AS t
        JOIN    information_schema.columns AS c
        ON  t.table_catalog = c.table_catalog
        AND t.table_schema  = c.table_schema
        AND t.table_name    = c.table_name
        WHERE   t.table_name = 'admin' [ RunTime:0.0280s ]
ERR: 207:[Microsoft][SQL Server Native Client 11.0][SQL Server]列名 'admin' 无效。
 [ SQL语句 ] : SELECT T1.* FROM (SELECT thinkphp.*, ROW_NUMBER() OVER ( ORDER BY rand()) AS ROW_NUMBER FROM (SELECT  * FROM [admin] WHERE ( username="admin" ) ) AS thinkphp) AS T1 WHERE (T1.ROW_NUMBER BETWEEN 1 AND 1)
ERR: 207:[Microsoft][SQL Server Native Client 11.0][SQL Server]列名 'admin' 无效。
 [ SQL语句 ] : SELECT T1.* FROM (SELECT thinkphp.*, ROW_NUMBER() OVER ( ORDER BY rand()) AS ROW_NUMBER FROM (SELECT  * FROM [admin] WHERE ( username="admin" ) ) AS thinkphp) AS T1 WHERE (T1.ROW_NUMBER BETWEEN 1 AND 1)

[ 2016-11-09T18:07:13+08:00 ] 127.0.0.1 /index.php?m=admin&c=login&a=check
INFO: [ app_begin ] --START--
INFO: Run Behavior\ReadHtmlCacheBehavior [ RunTime:0.000000s ]
INFO: [ app_begin ] --END-- [ RunTime:0.000000s ]
SQL: SELECT   column_name,   data_type,   column_default,   is_nullable
        FROM    information_schema.tables AS t
        JOIN    information_schema.columns AS c
        ON  t.table_catalog = c.table_catalog
        AND t.table_schema  = c.table_schema
        AND t.table_name    = c.table_name
        WHERE   t.table_name = 'admin' [ RunTime:0.0180s ]
ERR: 207:[Microsoft][SQL Server Native Client 11.0][SQL Server]列名 'admin' 无效。
 [ SQL语句 ] : SELECT T1.* FROM (SELECT thinkphp.*, ROW_NUMBER() OVER ( ORDER BY rand()) AS ROW_NUMBER FROM (SELECT  * FROM [admin] WHERE ( username="admin" ) ) AS thinkphp) AS T1 WHERE (T1.ROW_NUMBER BETWEEN 1 AND 1)
ERR: 207:[Microsoft][SQL Server Native Client 11.0][SQL Server]列名 'admin' 无效。
 [ SQL语句 ] : SELECT T1.* FROM (SELECT thinkphp.*, ROW_NUMBER() OVER ( ORDER BY rand()) AS ROW_NUMBER FROM (SELECT  * FROM [admin] WHERE ( username="admin" ) ) AS thinkphp) AS T1 WHERE (T1.ROW_NUMBER BETWEEN 1 AND 1)

[ 2016-11-09T18:07:13+08:00 ] 127.0.0.1 /index.php?m=admin&c=login&a=check
INFO: [ app_begin ] --START--
INFO: Run Behavior\ReadHtmlCacheBehavior [ RunTime:0.001000s ]
INFO: [ app_begin ] --END-- [ RunTime:0.001000s ]
SQL: SELECT   column_name,   data_type,   column_default,   is_nullable
        FROM    information_schema.tables AS t
        JOIN    information_schema.columns AS c
        ON  t.table_catalog = c.table_catalog
        AND t.table_schema  = c.table_schema
        AND t.table_name    = c.table_name
        WHERE   t.table_name = 'admin' [ RunTime:0.0010s ]
ERR: 207:[Microsoft][SQL Server Native Client 11.0][SQL Server]列名 'admin' 无效。
 [ SQL语句 ] : SELECT T1.* FROM (SELECT thinkphp.*, ROW_NUMBER() OVER ( ORDER BY rand()) AS ROW_NUMBER FROM (SELECT  * FROM [admin] WHERE ( username="admin" ) ) AS thinkphp) AS T1 WHERE (T1.ROW_NUMBER BETWEEN 1 AND 1)
ERR: 207:[Microsoft][SQL Server Native Client 11.0][SQL Server]列名 'admin' 无效。
 [ SQL语句 ] : SELECT T1.* FROM (SELECT thinkphp.*, ROW_NUMBER() OVER ( ORDER BY rand()) AS ROW_NUMBER FROM (SELECT  * FROM [admin] WHERE ( username="admin" ) ) AS thinkphp) AS T1 WHERE (T1.ROW_NUMBER BETWEEN 1 AND 1)

[ 2016-11-09T18:07:13+08:00 ] 127.0.0.1 /index.php?m=admin&c=login&a=check
INFO: [ app_begin ] --START--
INFO: Run Behavior\ReadHtmlCacheBehavior [ RunTime:0.001000s ]
INFO: [ app_begin ] --END-- [ RunTime:0.001000s ]
SQL: SELECT   column_name,   data_type,   column_default,   is_nullable
        FROM    information_schema.tables AS t
        JOIN    information_schema.columns AS c
        ON  t.table_catalog = c.table_catalog
        AND t.table_schema  = c.table_schema
        AND t.table_name    = c.table_name
        WHERE   t.table_name = 'admin' [ RunTime:0.0000s ]
ERR: 207:[Microsoft][SQL Server Native Client 11.0][SQL Server]列名 'admin' 无效。
 [ SQL语句 ] : SELECT T1.* FROM (SELECT thinkphp.*, ROW_NUMBER() OVER ( ORDER BY rand()) AS ROW_NUMBER FROM (SELECT  * FROM [admin] WHERE ( username="admin" ) ) AS thinkphp) AS T1 WHERE (T1.ROW_NUMBER BETWEEN 1 AND 1)
ERR: 207:[Microsoft][SQL Server Native Client 11.0][SQL Server]列名 'admin' 无效。
 [ SQL语句 ] : SELECT T1.* FROM (SELECT thinkphp.*, ROW_NUMBER() OVER ( ORDER BY rand()) AS ROW_NUMBER FROM (SELECT  * FROM [admin] WHERE ( username="admin" ) ) AS thinkphp) AS T1 WHERE (T1.ROW_NUMBER BETWEEN 1 AND 1)

[ 2016-11-09T18:07:14+08:00 ] 127.0.0.1 /index.php?m=admin&c=login&a=check
INFO: [ app_begin ] --START--
INFO: Run Behavior\ReadHtmlCacheBehavior [ RunTime:0.000000s ]
INFO: [ app_begin ] --END-- [ RunTime:0.000000s ]
SQL: SELECT   column_name,   data_type,   column_default,   is_nullable
        FROM    information_schema.tables AS t
        JOIN    information_schema.columns AS c
        ON  t.table_catalog = c.table_catalog
        AND t.table_schema  = c.table_schema
        AND t.table_name    = c.table_name
        WHERE   t.table_name = 'admin' [ RunTime:0.0010s ]
ERR: 207:[Microsoft][SQL Server Native Client 11.0][SQL Server]列名 'admin' 无效。
 [ SQL语句 ] : SELECT T1.* FROM (SELECT thinkphp.*, ROW_NUMBER() OVER ( ORDER BY rand()) AS ROW_NUMBER FROM (SELECT  * FROM [admin] WHERE ( username="admin" ) ) AS thinkphp) AS T1 WHERE (T1.ROW_NUMBER BETWEEN 1 AND 1)
ERR: 207:[Microsoft][SQL Server Native Client 11.0][SQL Server]列名 'admin' 无效。
 [ SQL语句 ] : SELECT T1.* FROM (SELECT thinkphp.*, ROW_NUMBER() OVER ( ORDER BY rand()) AS ROW_NUMBER FROM (SELECT  * FROM [admin] WHERE ( username="admin" ) ) AS thinkphp) AS T1 WHERE (T1.ROW_NUMBER BETWEEN 1 AND 1)

[ 2016-11-09T18:07:14+08:00 ] 127.0.0.1 /index.php?m=admin&c=login&a=check
INFO: [ app_begin ] --START--
INFO: Run Behavior\ReadHtmlCacheBehavior [ RunTime:0.000000s ]
INFO: [ app_begin ] --END-- [ RunTime:0.001000s ]
SQL: SELECT   column_name,   data_type,   column_default,   is_nullable
        FROM    information_schema.tables AS t
        JOIN    information_schema.columns AS c
        ON  t.table_catalog = c.table_catalog
        AND t.table_schema  = c.table_schema
        AND t.table_name    = c.table_name
        WHERE   t.table_name = 'admin' [ RunTime:0.0010s ]
ERR: 207:[Microsoft][SQL Server Native Client 11.0][SQL Server]列名 'admin' 无效。
 [ SQL语句 ] : SELECT T1.* FROM (SELECT thinkphp.*, ROW_NUMBER() OVER ( ORDER BY rand()) AS ROW_NUMBER FROM (SELECT  * FROM [admin] WHERE ( username="admin" ) ) AS thinkphp) AS T1 WHERE (T1.ROW_NUMBER BETWEEN 1 AND 1)
ERR: 207:[Microsoft][SQL Server Native Client 11.0][SQL Server]列名 'admin' 无效。
 [ SQL语句 ] : SELECT T1.* FROM (SELECT thinkphp.*, ROW_NUMBER() OVER ( ORDER BY rand()) AS ROW_NUMBER FROM (SELECT  * FROM [admin] WHERE ( username="admin" ) ) AS thinkphp) AS T1 WHERE (T1.ROW_NUMBER BETWEEN 1 AND 1)

[ 2016-11-09T18:07:14+08:00 ] 127.0.0.1 /index.php?m=admin&c=login&a=check
INFO: [ app_begin ] --START--
INFO: Run Behavior\ReadHtmlCacheBehavior [ RunTime:0.000000s ]
INFO: [ app_begin ] --END-- [ RunTime:0.000000s ]
SQL: SELECT   column_name,   data_type,   column_default,   is_nullable
        FROM    information_schema.tables AS t
        JOIN    information_schema.columns AS c
        ON  t.table_catalog = c.table_catalog
        AND t.table_schema  = c.table_schema
        AND t.table_name    = c.table_name
        WHERE   t.table_name = 'admin' [ RunTime:0.0010s ]
ERR: 207:[Microsoft][SQL Server Native Client 11.0][SQL Server]列名 'admin' 无效。
 [ SQL语句 ] : SELECT T1.* FROM (SELECT thinkphp.*, ROW_NUMBER() OVER ( ORDER BY rand()) AS ROW_NUMBER FROM (SELECT  * FROM [admin] WHERE ( username="admin" ) ) AS thinkphp) AS T1 WHERE (T1.ROW_NUMBER BETWEEN 1 AND 1)
ERR: 207:[Microsoft][SQL Server Native Client 11.0][SQL Server]列名 'admin' 无效。
 [ SQL语句 ] : SELECT T1.* FROM (SELECT thinkphp.*, ROW_NUMBER() OVER ( ORDER BY rand()) AS ROW_NUMBER FROM (SELECT  * FROM [admin] WHERE ( username="admin" ) ) AS thinkphp) AS T1 WHERE (T1.ROW_NUMBER BETWEEN 1 AND 1)

[ 2016-11-09T18:07:25+08:00 ] 127.0.0.1 /index.php?m=admin&c=login&a=check
INFO: [ app_begin ] --START--
INFO: Run Behavior\ReadHtmlCacheBehavior [ RunTime:0.000000s ]
INFO: [ app_begin ] --END-- [ RunTime:0.001000s ]

[ 2016-11-09T18:07:29+08:00 ] 127.0.0.1 /index.php?m=admin&c=login&a=check
INFO: [ app_begin ] --START--
INFO: Run Behavior\ReadHtmlCacheBehavior [ RunTime:0.000000s ]
INFO: [ app_begin ] --END-- [ RunTime:0.001001s ]

[ 2016-11-09T18:08:14+08:00 ] 127.0.0.1 /index.php?m=admin&c=login&a=check
INFO: [ app_begin ] --START--
INFO: Run Behavior\ReadHtmlCacheBehavior [ RunTime:0.000000s ]
INFO: [ app_begin ] --END-- [ RunTime:0.001000s ]

[ 2016-11-09T18:08:27+08:00 ] 127.0.0.1 /index.php?m=admin&c=login&a=check
INFO: [ app_begin ] --START--
INFO: Run Behavior\ReadHtmlCacheBehavior [ RunTime:0.000000s ]
INFO: [ app_begin ] --END-- [ RunTime:0.001000s ]
SQL: SELECT   column_name,   data_type,   column_default,   is_nullable
        FROM    information_schema.tables AS t
        JOIN    information_schema.columns AS c
        ON  t.table_catalog = c.table_catalog
        AND t.table_schema  = c.table_schema
        AND t.table_name    = c.table_name
        WHERE   t.table_name = 'admin' [ RunTime:0.0190s ]
ERR: 207:[Microsoft][SQL Server Native Client 11.0][SQL Server]列名 'admin' 无效。
 [ SQL语句 ] : SELECT T1.* FROM (SELECT thinkphp.*, ROW_NUMBER() OVER ( ORDER BY rand()) AS ROW_NUMBER FROM (SELECT  * FROM [admin] WHERE ( username="admin" ) ) AS thinkphp) AS T1 WHERE (T1.ROW_NUMBER BETWEEN 1 AND 1)
ERR: 207:[Microsoft][SQL Server Native Client 11.0][SQL Server]列名 'admin' 无效。
 [ SQL语句 ] : SELECT T1.* FROM (SELECT thinkphp.*, ROW_NUMBER() OVER ( ORDER BY rand()) AS ROW_NUMBER FROM (SELECT  * FROM [admin] WHERE ( username="admin" ) ) AS thinkphp) AS T1 WHERE (T1.ROW_NUMBER BETWEEN 1 AND 1)

[ 2016-11-09T18:09:03+08:00 ] 127.0.0.1 /index.php?m=admin&c=login&a=check
INFO: [ app_begin ] --START--
INFO: Run Behavior\ReadHtmlCacheBehavior [ RunTime:0.001000s ]
INFO: [ app_begin ] --END-- [ RunTime:0.001000s ]
SQL: SELECT   column_name,   data_type,   column_default,   is_nullable
        FROM    information_schema.tables AS t
        JOIN    information_schema.columns AS c
        ON  t.table_catalog = c.table_catalog
        AND t.table_schema  = c.table_schema
        AND t.table_name    = c.table_name
        WHERE   t.table_name = 'admin' [ RunTime:0.0010s ]
ERR: 207:[Microsoft][SQL Server Native Client 11.0][SQL Server]列名 'admin' 无效。
 [ SQL语句 ] : SELECT T1.* FROM (SELECT thinkphp.*, ROW_NUMBER() OVER ( ORDER BY rand()) AS ROW_NUMBER FROM (SELECT  * FROM [admin] WHERE ( username="admin" ) ) AS thinkphp) AS T1 WHERE (T1.ROW_NUMBER BETWEEN 1 AND 1)
ERR: 207:[Microsoft][SQL Server Native Client 11.0][SQL Server]列名 'admin' 无效。
 [ SQL语句 ] : SELECT T1.* FROM (SELECT thinkphp.*, ROW_NUMBER() OVER ( ORDER BY rand()) AS ROW_NUMBER FROM (SELECT  * FROM [admin] WHERE ( username="admin" ) ) AS thinkphp) AS T1 WHERE (T1.ROW_NUMBER BETWEEN 1 AND 1)

[ 2016-11-09T18:09:45+08:00 ] 127.0.0.1 /index.php?m=admin&c=login&a=check
INFO: [ app_begin ] --START--
INFO: Run Behavior\ReadHtmlCacheBehavior [ RunTime:0.000000s ]
INFO: [ app_begin ] --END-- [ RunTime:0.000000s ]
SQL: SELECT   column_name,   data_type,   column_default,   is_nullable
        FROM    information_schema.tables AS t
        JOIN    information_schema.columns AS c
        ON  t.table_catalog = c.table_catalog
        AND t.table_schema  = c.table_schema
        AND t.table_name    = c.table_name
        WHERE   t.table_name = 'admin' [ RunTime:0.0180s ]
ERR: 207:[Microsoft][SQL Server Native Client 11.0][SQL Server]列名 'admin' 无效。
 [ SQL语句 ] : SELECT T1.* FROM (SELECT thinkphp.*, ROW_NUMBER() OVER ( ORDER BY rand()) AS ROW_NUMBER FROM (SELECT  * FROM [admin] WHERE ( username="admin" ) ) AS thinkphp) AS T1 WHERE (T1.ROW_NUMBER BETWEEN 1 AND 1)
ERR: 207:[Microsoft][SQL Server Native Client 11.0][SQL Server]列名 'admin' 无效。
 [ SQL语句 ] : SELECT T1.* FROM (SELECT thinkphp.*, ROW_NUMBER() OVER ( ORDER BY rand()) AS ROW_NUMBER FROM (SELECT  * FROM [admin] WHERE ( username="admin" ) ) AS thinkphp) AS T1 WHERE (T1.ROW_NUMBER BETWEEN 1 AND 1)

[ 2016-11-09T18:09:46+08:00 ] 127.0.0.1 /index.php?m=admin&c=login&a=check
INFO: [ app_begin ] --START--
INFO: Run Behavior\ReadHtmlCacheBehavior [ RunTime:0.000000s ]
INFO: [ app_begin ] --END-- [ RunTime:0.000000s ]
SQL: SELECT   column_name,   data_type,   column_default,   is_nullable
        FROM    information_schema.tables AS t
        JOIN    information_schema.columns AS c
        ON  t.table_catalog = c.table_catalog
        AND t.table_schema  = c.table_schema
        AND t.table_name    = c.table_name
        WHERE   t.table_name = 'admin' [ RunTime:0.0000s ]
ERR: 207:[Microsoft][SQL Server Native Client 11.0][SQL Server]列名 'admin' 无效。
 [ SQL语句 ] : SELECT T1.* FROM (SELECT thinkphp.*, ROW_NUMBER() OVER ( ORDER BY rand()) AS ROW_NUMBER FROM (SELECT  * FROM [admin] WHERE ( username="admin" ) ) AS thinkphp) AS T1 WHERE (T1.ROW_NUMBER BETWEEN 1 AND 1)
ERR: 207:[Microsoft][SQL Server Native Client 11.0][SQL Server]列名 'admin' 无效。
 [ SQL语句 ] : SELECT T1.* FROM (SELECT thinkphp.*, ROW_NUMBER() OVER ( ORDER BY rand()) AS ROW_NUMBER FROM (SELECT  * FROM [admin] WHERE ( username="admin" ) ) AS thinkphp) AS T1 WHERE (T1.ROW_NUMBER BETWEEN 1 AND 1)

[ 2016-11-09T18:09:46+08:00 ] 127.0.0.1 /index.php?m=admin&c=login&a=check
INFO: [ app_begin ] --START--
INFO: Run Behavior\ReadHtmlCacheBehavior [ RunTime:0.001000s ]
INFO: [ app_begin ] --END-- [ RunTime:0.001000s ]
SQL: SELECT   column_name,   data_type,   column_default,   is_nullable
        FROM    information_schema.tables AS t
        JOIN    information_schema.columns AS c
        ON  t.table_catalog = c.table_catalog
        AND t.table_schema  = c.table_schema
        AND t.table_name    = c.table_name
        WHERE   t.table_name = 'admin' [ RunTime:0.0000s ]
ERR: 207:[Microsoft][SQL Server Native Client 11.0][SQL Server]列名 'admin' 无效。
 [ SQL语句 ] : SELECT T1.* FROM (SELECT thinkphp.*, ROW_NUMBER() OVER ( ORDER BY rand()) AS ROW_NUMBER FROM (SELECT  * FROM [admin] WHERE ( username="admin" ) ) AS thinkphp) AS T1 WHERE (T1.ROW_NUMBER BETWEEN 1 AND 1)
ERR: 207:[Microsoft][SQL Server Native Client 11.0][SQL Server]列名 'admin' 无效。
 [ SQL语句 ] : SELECT T1.* FROM (SELECT thinkphp.*, ROW_NUMBER() OVER ( ORDER BY rand()) AS ROW_NUMBER FROM (SELECT  * FROM [admin] WHERE ( username="admin" ) ) AS thinkphp) AS T1 WHERE (T1.ROW_NUMBER BETWEEN 1 AND 1)

[ 2016-11-09T18:09:46+08:00 ] 127.0.0.1 /index.php?m=admin&c=login&a=check
INFO: [ app_begin ] --START--
INFO: Run Behavior\ReadHtmlCacheBehavior [ RunTime:0.000000s ]
INFO: [ app_begin ] --END-- [ RunTime:0.001000s ]
SQL: SELECT   column_name,   data_type,   column_default,   is_nullable
        FROM    information_schema.tables AS t
        JOIN    information_schema.columns AS c
        ON  t.table_catalog = c.table_catalog
        AND t.table_schema  = c.table_schema
        AND t.table_name    = c.table_name
        WHERE   t.table_name = 'admin' [ RunTime:0.0010s ]
ERR: 207:[Microsoft][SQL Server Native Client 11.0][SQL Server]列名 'admin' 无效。
 [ SQL语句 ] : SELECT T1.* FROM (SELECT thinkphp.*, ROW_NUMBER() OVER ( ORDER BY rand()) AS ROW_NUMBER FROM (SELECT  * FROM [admin] WHERE ( username="admin" ) ) AS thinkphp) AS T1 WHERE (T1.ROW_NUMBER BETWEEN 1 AND 1)
ERR: 207:[Microsoft][SQL Server Native Client 11.0][SQL Server]列名 'admin' 无效。
 [ SQL语句 ] : SELECT T1.* FROM (SELECT thinkphp.*, ROW_NUMBER() OVER ( ORDER BY rand()) AS ROW_NUMBER FROM (SELECT  * FROM [admin] WHERE ( username="admin" ) ) AS thinkphp) AS T1 WHERE (T1.ROW_NUMBER BETWEEN 1 AND 1)

[ 2016-11-09T18:10:21+08:00 ] 127.0.0.1 /index.php?m=admin&c=login&a=check
INFO: [ app_begin ] --START--
INFO: Run Behavior\ReadHtmlCacheBehavior [ RunTime:0.001001s ]
INFO: [ app_begin ] --END-- [ RunTime:0.001001s ]

[ 2016-11-09T18:11:12+08:00 ] 127.0.0.1 /index.php?m=admin&c=login&a=check
INFO: [ app_begin ] --START--
INFO: Run Behavior\ReadHtmlCacheBehavior [ RunTime:0.001000s ]
INFO: [ app_begin ] --END-- [ RunTime:0.001000s ]
SQL: SELECT   column_name,   data_type,   column_default,   is_nullable
        FROM    information_schema.tables AS t
        JOIN    information_schema.columns AS c
        ON  t.table_catalog = c.table_catalog
        AND t.table_schema  = c.table_schema
        AND t.table_name    = c.table_name
        WHERE   t.table_name = 'admin' [ RunTime:0.0260s ]
ERR: 207:[Microsoft][SQL Server Native Client 11.0][SQL Server]列名 'admin' 无效。
 [ SQL语句 ] : SELECT T1.* FROM (SELECT thinkphp.*, ROW_NUMBER() OVER ( ORDER BY rand()) AS ROW_NUMBER FROM (SELECT  * FROM [admin] WHERE ( username="admin" ) ) AS thinkphp) AS T1 WHERE (T1.ROW_NUMBER BETWEEN 1 AND 1)
ERR: 207:[Microsoft][SQL Server Native Client 11.0][SQL Server]列名 'admin' 无效。
 [ SQL语句 ] : SELECT T1.* FROM (SELECT thinkphp.*, ROW_NUMBER() OVER ( ORDER BY rand()) AS ROW_NUMBER FROM (SELECT  * FROM [admin] WHERE ( username="admin" ) ) AS thinkphp) AS T1 WHERE (T1.ROW_NUMBER BETWEEN 1 AND 1)

[ 2016-11-09T18:14:23+08:00 ] 127.0.0.1 /index.php?m=admin&c=login&a=check
INFO: [ app_begin ] --START--
INFO: Run Behavior\ReadHtmlCacheBehavior [ RunTime:0.000000s ]
INFO: [ app_begin ] --END-- [ RunTime:0.001000s ]
SQL: SELECT   column_name,   data_type,   column_default,   is_nullable
        FROM    information_schema.tables AS t
        JOIN    information_schema.columns AS c
        ON  t.table_catalog = c.table_catalog
        AND t.table_schema  = c.table_schema
        AND t.table_name    = c.table_name
        WHERE   t.table_name = 'admin' [ RunTime:0.0180s ]
ERR: 207:[Microsoft][SQL Server Native Client 11.0][SQL Server]列名 'wqer' 无效。
 [ SQL语句 ] : SELECT T1.* FROM (SELECT thinkphp.*, ROW_NUMBER() OVER ( ORDER BY rand()) AS ROW_NUMBER FROM (SELECT  * FROM [admin] WHERE ( username="wqer" ) ) AS thinkphp) AS T1 WHERE (T1.ROW_NUMBER BETWEEN 1 AND 1)
ERR: 207:[Microsoft][SQL Server Native Client 11.0][SQL Server]列名 'wqer' 无效。
 [ SQL语句 ] : SELECT T1.* FROM (SELECT thinkphp.*, ROW_NUMBER() OVER ( ORDER BY rand()) AS ROW_NUMBER FROM (SELECT  * FROM [admin] WHERE ( username="wqer" ) ) AS thinkphp) AS T1 WHERE (T1.ROW_NUMBER BETWEEN 1 AND 1)

[ 2016-11-09T18:14:59+08:00 ] 127.0.0.1 /index.php?m=admin&c=login&a=check
INFO: [ app_begin ] --START--
INFO: Run Behavior\ReadHtmlCacheBehavior [ RunTime:0.000000s ]
INFO: [ app_begin ] --END-- [ RunTime:0.001001s ]
SQL: SELECT   column_name,   data_type,   column_default,   is_nullable
        FROM    information_schema.tables AS t
        JOIN    information_schema.columns AS c
        ON  t.table_catalog = c.table_catalog
        AND t.table_schema  = c.table_schema
        AND t.table_name    = c.table_name
        WHERE   t.table_name = 'admin' [ RunTime:0.0230s ]
ERR: 207:[Microsoft][SQL Server Native Client 11.0][SQL Server]列名 'admin' 无效。
 [ SQL语句 ] : SELECT T1.* FROM (SELECT thinkphp.*, ROW_NUMBER() OVER ( ORDER BY rand()) AS ROW_NUMBER FROM (SELECT  * FROM [admin] WHERE ( username="admin" ) ) AS thinkphp) AS T1 WHERE (T1.ROW_NUMBER BETWEEN 1 AND 1)
ERR: 207:[Microsoft][SQL Server Native Client 11.0][SQL Server]列名 'admin' 无效。
 [ SQL语句 ] : SELECT T1.* FROM (SELECT thinkphp.*, ROW_NUMBER() OVER ( ORDER BY rand()) AS ROW_NUMBER FROM (SELECT  * FROM [admin] WHERE ( username="admin" ) ) AS thinkphp) AS T1 WHERE (T1.ROW_NUMBER BETWEEN 1 AND 1)

