[ 2016-11-10T09:27:03+08:00 ] 127.0.0.1 /admin.php
ERR: 208:[Microsoft][SQL Server Native Client 11.0][SQL Server]对象名 'menu' 无效。
 [ SQL语句 ] : SELECT T1.* FROM (SELECT thinkphp.*, ROW_NUMBER() OVER ( ORDER BY listorder desc,menu_id desc) AS ROW_NUMBER FROM (SELECT  * FROM [menu] WHERE [status] <> -1 AND [type] = 1 ) AS thinkphp) AS T1 

[ 2016-11-10T09:29:06+08:00 ] 127.0.0.1 /admin.php
ERR: 208:[Microsoft][SQL Server Native Client 11.0][SQL Server]对象名 'menu' 无效。
 [ SQL语句 ] : SELECT T1.* FROM (SELECT thinkphp.*, ROW_NUMBER() OVER ( ORDER BY listorder desc,menu_id desc) AS ROW_NUMBER FROM (SELECT  * FROM [menu] WHERE [status] <> -1 AND [type] = 1 ) AS thinkphp) AS T1 

[ 2016-11-10T09:29:07+08:00 ] 127.0.0.1 /admin.php
ERR: 208:[Microsoft][SQL Server Native Client 11.0][SQL Server]对象名 'menu' 无效。
 [ SQL语句 ] : SELECT T1.* FROM (SELECT thinkphp.*, ROW_NUMBER() OVER ( ORDER BY listorder desc,menu_id desc) AS ROW_NUMBER FROM (SELECT  * FROM [menu] WHERE [status] <> -1 AND [type] = 1 ) AS thinkphp) AS T1 

[ 2016-11-10T09:29:50+08:00 ] 127.0.0.1 /admin.php
ERR: 208:[Microsoft][SQL Server Native Client 11.0][SQL Server]对象名 'menu' 无效。
 [ SQL语句 ] : SELECT T1.* FROM (SELECT thinkphp.*, ROW_NUMBER() OVER ( ORDER BY listorder desc,menu_id desc) AS ROW_NUMBER FROM (SELECT  * FROM [menu] WHERE [status] <> -1 AND [type] = 1 ) AS thinkphp) AS T1 

[ 2016-11-10T09:29:56+08:00 ] 127.0.0.1 /admin.php?m=Admin&c=Name
ERR: 非法操作:index

[ 2016-11-10T09:29:58+08:00 ] 127.0.0.1 /admin.php?m=Admin&c=Name
ERR: 非法操作:index

[ 2016-11-10T09:30:00+08:00 ] 127.0.0.1 /admin.php
ERR: 208:[Microsoft][SQL Server Native Client 11.0][SQL Server]对象名 'menu' 无效。
 [ SQL语句 ] : SELECT T1.* FROM (SELECT thinkphp.*, ROW_NUMBER() OVER ( ORDER BY listorder desc,menu_id desc) AS ROW_NUMBER FROM (SELECT  * FROM [menu] WHERE [status] <> -1 AND [type] = 1 ) AS thinkphp) AS T1 

[ 2016-11-10T09:44:58+08:00 ] 127.0.0.1 /index.php?m=admin&c=login&a=check
INFO: [ app_begin ] --START--
INFO: Run Behavior\ReadHtmlCacheBehavior [ RunTime:0.000000s ]
INFO: [ app_begin ] --END-- [ RunTime:0.000000s ]

[ 2016-11-10T09:45:04+08:00 ] 127.0.0.1 /index.php?m=admin&c=login&a=check
INFO: [ app_begin ] --START--
INFO: Run Behavior\ReadHtmlCacheBehavior [ RunTime:0.000000s ]
INFO: [ app_begin ] --END-- [ RunTime:0.001000s ]

[ 2016-11-10T09:45:09+08:00 ] 127.0.0.1 /index.php?m=admin&c=login&a=check
INFO: [ app_begin ] --START--
INFO: Run Behavior\ReadHtmlCacheBehavior [ RunTime:0.000000s ]
INFO: [ app_begin ] --END-- [ RunTime:0.001000s ]
SQL: SELECT   column_name,   data_type,   column_default,   is_nullable
        FROM    information_schema.tables AS t
        JOIN    information_schema.columns AS c
        ON  t.table_catalog = c.table_catalog
        AND t.table_schema  = c.table_schema
        AND t.table_name    = c.table_name
        WHERE   t.table_name = 'admin' [ RunTime:0.0186s ]
NOTIC: [8] Use of undefined constant C - assumed 'C' D:\WWW\project\Application\Common\Model\AdminModel.class.php 第 10 行.
ERR: 207:[Microsoft][SQL Server Native Client 11.0][SQL Server]列名 'C' 无效。
 [ SQL语句 ] : SELECT T1.* FROM (SELECT thinkphp.*, ROW_NUMBER() OVER ( ORDER BY rand()) AS ROW_NUMBER FROM (SELECT  * FROM [admin] WHERE ( username="C" ) ) AS thinkphp) AS T1 WHERE (T1.ROW_NUMBER BETWEEN 1 AND 1)
ERR: 207:[Microsoft][SQL Server Native Client 11.0][SQL Server]列名 'C' 无效。
 [ SQL语句 ] : SELECT T1.* FROM (SELECT thinkphp.*, ROW_NUMBER() OVER ( ORDER BY rand()) AS ROW_NUMBER FROM (SELECT  * FROM [admin] WHERE ( username="C" ) ) AS thinkphp) AS T1 WHERE (T1.ROW_NUMBER BETWEEN 1 AND 1)

[ 2016-11-10T09:45:22+08:00 ] 127.0.0.1 /index.php?m=admin&c=login&a=check
INFO: [ app_begin ] --START--
INFO: Run Behavior\ReadHtmlCacheBehavior [ RunTime:0.000000s ]
INFO: [ app_begin ] --END-- [ RunTime:0.000000s ]
SQL: SELECT   column_name,   data_type,   column_default,   is_nullable
        FROM    information_schema.tables AS t
        JOIN    information_schema.columns AS c
        ON  t.table_catalog = c.table_catalog
        AND t.table_schema  = c.table_schema
        AND t.table_name    = c.table_name
        WHERE   t.table_name = 'admin' [ RunTime:0.0000s ]
NOTIC: [8] Use of undefined constant C - assumed 'C' D:\WWW\project\Application\Common\Model\AdminModel.class.php 第 10 行.
ERR: 207:[Microsoft][SQL Server Native Client 11.0][SQL Server]列名 'C' 无效。
 [ SQL语句 ] : SELECT T1.* FROM (SELECT thinkphp.*, ROW_NUMBER() OVER ( ORDER BY rand()) AS ROW_NUMBER FROM (SELECT  * FROM [admin] WHERE ( username="C" ) ) AS thinkphp) AS T1 WHERE (T1.ROW_NUMBER BETWEEN 1 AND 1)
ERR: 207:[Microsoft][SQL Server Native Client 11.0][SQL Server]列名 'C' 无效。
 [ SQL语句 ] : SELECT T1.* FROM (SELECT thinkphp.*, ROW_NUMBER() OVER ( ORDER BY rand()) AS ROW_NUMBER FROM (SELECT  * FROM [admin] WHERE ( username="C" ) ) AS thinkphp) AS T1 WHERE (T1.ROW_NUMBER BETWEEN 1 AND 1)

[ 2016-11-10T09:47:42+08:00 ] 127.0.0.1 /index.php?m=admin&c=login&a=check
INFO: [ app_begin ] --START--
INFO: Run Behavior\ReadHtmlCacheBehavior [ RunTime:0.001000s ]
INFO: [ app_begin ] --END-- [ RunTime:0.001000s ]
SQL: SELECT   column_name,   data_type,   column_default,   is_nullable
        FROM    information_schema.tables AS t
        JOIN    information_schema.columns AS c
        ON  t.table_catalog = c.table_catalog
        AND t.table_schema  = c.table_schema
        AND t.table_name    = c.table_name
        WHERE   t.table_name = 'admin' [ RunTime:0.0000s ]
NOTIC: [8] Use of undefined constant C - assumed 'C' D:\WWW\project\Application\Common\Model\AdminModel.class.php 第 10 行.
ERR: 207:[Microsoft][SQL Server Native Client 11.0][SQL Server]列名 'C' 无效。
 [ SQL语句 ] : SELECT T1.* FROM (SELECT thinkphp.*, ROW_NUMBER() OVER ( ORDER BY rand()) AS ROW_NUMBER FROM (SELECT  * FROM [admin] WHERE ( username="C" ) ) AS thinkphp) AS T1 WHERE (T1.ROW_NUMBER BETWEEN 1 AND 1)
ERR: 207:[Microsoft][SQL Server Native Client 11.0][SQL Server]列名 'C' 无效。
 [ SQL语句 ] : SELECT T1.* FROM (SELECT thinkphp.*, ROW_NUMBER() OVER ( ORDER BY rand()) AS ROW_NUMBER FROM (SELECT  * FROM [admin] WHERE ( username="C" ) ) AS thinkphp) AS T1 WHERE (T1.ROW_NUMBER BETWEEN 1 AND 1)

[ 2016-11-10T09:48:39+08:00 ] 127.0.0.1 /index.php?m=admin&c=login&a=check
INFO: [ app_begin ] --START--
INFO: Run Behavior\ReadHtmlCacheBehavior [ RunTime:0.001000s ]
INFO: [ app_begin ] --END-- [ RunTime:0.001000s ]

[ 2016-11-10T09:49:17+08:00 ] 127.0.0.1 /index.php?m=admin&c=login&a=check
INFO: [ app_begin ] --START--
INFO: Run Behavior\ReadHtmlCacheBehavior [ RunTime:0.001000s ]
INFO: [ app_begin ] --END-- [ RunTime:0.001000s ]
SQL: SELECT   column_name,   data_type,   column_default,   is_nullable
        FROM    information_schema.tables AS t
        JOIN    information_schema.columns AS c
        ON  t.table_catalog = c.table_catalog
        AND t.table_schema  = c.table_schema
        AND t.table_name    = c.table_name
        WHERE   t.table_name = 'admin' [ RunTime:0.0000s ]
NOTIC: [8] Use of undefined constant C - assumed 'C' D:\WWW\project\Application\Common\Model\AdminModel.class.php 第 10 行.
ERR: 207:[Microsoft][SQL Server Native Client 11.0][SQL Server]列名 'C' 无效。
 [ SQL语句 ] : SELECT T1.* FROM (SELECT thinkphp.*, ROW_NUMBER() OVER ( ORDER BY rand()) AS ROW_NUMBER FROM (SELECT  * FROM [admin] WHERE ( username="C" ) ) AS thinkphp) AS T1 WHERE (T1.ROW_NUMBER BETWEEN 1 AND 1)
ERR: 207:[Microsoft][SQL Server Native Client 11.0][SQL Server]列名 'C' 无效。
 [ SQL语句 ] : SELECT T1.* FROM (SELECT thinkphp.*, ROW_NUMBER() OVER ( ORDER BY rand()) AS ROW_NUMBER FROM (SELECT  * FROM [admin] WHERE ( username="C" ) ) AS thinkphp) AS T1 WHERE (T1.ROW_NUMBER BETWEEN 1 AND 1)

[ 2016-11-10T09:49:20+08:00 ] 127.0.0.1 /index.php?m=admin&c=login&a=check
INFO: [ app_begin ] --START--
INFO: Run Behavior\ReadHtmlCacheBehavior [ RunTime:0.001000s ]
INFO: [ app_begin ] --END-- [ RunTime:0.001000s ]
SQL: SELECT   column_name,   data_type,   column_default,   is_nullable
        FROM    information_schema.tables AS t
        JOIN    information_schema.columns AS c
        ON  t.table_catalog = c.table_catalog
        AND t.table_schema  = c.table_schema
        AND t.table_name    = c.table_name
        WHERE   t.table_name = 'admin' [ RunTime:0.0010s ]
NOTIC: [8] Use of undefined constant C - assumed 'C' D:\WWW\project\Application\Common\Model\AdminModel.class.php 第 10 行.
ERR: 207:[Microsoft][SQL Server Native Client 11.0][SQL Server]列名 'C' 无效。
 [ SQL语句 ] : SELECT T1.* FROM (SELECT thinkphp.*, ROW_NUMBER() OVER ( ORDER BY rand()) AS ROW_NUMBER FROM (SELECT  * FROM [admin] WHERE ( username="C" ) ) AS thinkphp) AS T1 WHERE (T1.ROW_NUMBER BETWEEN 1 AND 1)
ERR: 207:[Microsoft][SQL Server Native Client 11.0][SQL Server]列名 'C' 无效。
 [ SQL语句 ] : SELECT T1.* FROM (SELECT thinkphp.*, ROW_NUMBER() OVER ( ORDER BY rand()) AS ROW_NUMBER FROM (SELECT  * FROM [admin] WHERE ( username="C" ) ) AS thinkphp) AS T1 WHERE (T1.ROW_NUMBER BETWEEN 1 AND 1)

[ 2016-11-10T09:51:17+08:00 ] 127.0.0.1 /index.php?m=admin&c=login&a=check
INFO: [ app_begin ] --START--
INFO: Run Behavior\ReadHtmlCacheBehavior [ RunTime:0.000000s ]
INFO: [ app_begin ] --END-- [ RunTime:0.000000s ]

[ 2016-11-10T09:51:21+08:00 ] 127.0.0.1 /index.php?m=admin&c=login&a=check
INFO: [ app_begin ] --START--
INFO: Run Behavior\ReadHtmlCacheBehavior [ RunTime:0.000000s ]
INFO: [ app_begin ] --END-- [ RunTime:0.001000s ]

[ 2016-11-10T09:51:24+08:00 ] 127.0.0.1 /index.php?m=admin&c=login&a=check
INFO: [ app_begin ] --START--
INFO: Run Behavior\ReadHtmlCacheBehavior [ RunTime:0.000000s ]
INFO: [ app_begin ] --END-- [ RunTime:0.000000s ]

[ 2016-11-10T09:51:32+08:00 ] 127.0.0.1 /index.php?m=admin&c=login&a=check
INFO: [ app_begin ] --START--
INFO: Run Behavior\ReadHtmlCacheBehavior [ RunTime:0.000000s ]
INFO: [ app_begin ] --END-- [ RunTime:0.000000s ]

[ 2016-11-10T09:51:33+08:00 ] 127.0.0.1 /index.php?m=admin&c=login&a=check
INFO: [ app_begin ] --START--
INFO: Run Behavior\ReadHtmlCacheBehavior [ RunTime:0.000000s ]
INFO: [ app_begin ] --END-- [ RunTime:0.000000s ]

[ 2016-11-10T09:51:33+08:00 ] 127.0.0.1 /index.php?m=admin&c=login&a=check
INFO: [ app_begin ] --START--
INFO: Run Behavior\ReadHtmlCacheBehavior [ RunTime:0.000000s ]
INFO: [ app_begin ] --END-- [ RunTime:0.000000s ]

[ 2016-11-10T09:51:33+08:00 ] 127.0.0.1 /index.php?m=admin&c=login&a=check
INFO: [ app_begin ] --START--
INFO: Run Behavior\ReadHtmlCacheBehavior [ RunTime:0.001000s ]
INFO: [ app_begin ] --END-- [ RunTime:0.001000s ]

[ 2016-11-10T09:51:34+08:00 ] 127.0.0.1 /index.php?m=admin&c=login&a=check
INFO: [ app_begin ] --START--
INFO: Run Behavior\ReadHtmlCacheBehavior [ RunTime:0.000000s ]
INFO: [ app_begin ] --END-- [ RunTime:0.000000s ]

[ 2016-11-10T09:51:37+08:00 ] 127.0.0.1 /index.php?m=admin&c=login&a=check
INFO: [ app_begin ] --START--
INFO: Run Behavior\ReadHtmlCacheBehavior [ RunTime:0.000000s ]
INFO: [ app_begin ] --END-- [ RunTime:0.000000s ]

[ 2016-11-10T09:51:42+08:00 ] 127.0.0.1 /index.php?m=admin&c=login&a=check
INFO: [ app_begin ] --START--
INFO: Run Behavior\ReadHtmlCacheBehavior [ RunTime:0.000000s ]
INFO: [ app_begin ] --END-- [ RunTime:0.000000s ]

[ 2016-11-10T09:52:15+08:00 ] 127.0.0.1 /index.php?m=admin&c=login&a=check
INFO: [ app_begin ] --START--
INFO: Run Behavior\ReadHtmlCacheBehavior [ RunTime:0.001000s ]
INFO: [ app_begin ] --END-- [ RunTime:0.001000s ]

[ 2016-11-10T09:52:48+08:00 ] 127.0.0.1 /index.php?m=admin&c=login&a=check
INFO: [ app_begin ] --START--
INFO: Run Behavior\ReadHtmlCacheBehavior [ RunTime:0.001000s ]
INFO: [ app_begin ] --END-- [ RunTime:0.002000s ]

[ 2016-11-10T09:52:53+08:00 ] 127.0.0.1 /index.php?m=admin&c=login&a=check
INFO: [ app_begin ] --START--
INFO: Run Behavior\ReadHtmlCacheBehavior [ RunTime:0.000000s ]
INFO: [ app_begin ] --END-- [ RunTime:0.000000s ]

[ 2016-11-10T09:53:07+08:00 ] 127.0.0.1 /index.php?m=admin&c=login&a=check
INFO: [ app_begin ] --START--
INFO: Run Behavior\ReadHtmlCacheBehavior [ RunTime:0.001000s ]
INFO: [ app_begin ] --END-- [ RunTime:0.001000s ]

[ 2016-11-10T09:53:20+08:00 ] 127.0.0.1 /index.php?m=admin&c=login&a=check
INFO: [ app_begin ] --START--
INFO: Run Behavior\ReadHtmlCacheBehavior [ RunTime:0.000000s ]
INFO: [ app_begin ] --END-- [ RunTime:0.000000s ]

[ 2016-11-10T09:53:51+08:00 ] 127.0.0.1 /index.php?m=admin&c=login&a=check
INFO: [ app_begin ] --START--
INFO: Run Behavior\ReadHtmlCacheBehavior [ RunTime:0.000000s ]
INFO: [ app_begin ] --END-- [ RunTime:0.001000s ]

[ 2016-11-10T09:54:22+08:00 ] 127.0.0.1 /index.php?m=admin&c=login&a=check
INFO: [ app_begin ] --START--
INFO: Run Behavior\ReadHtmlCacheBehavior [ RunTime:0.000000s ]
INFO: [ app_begin ] --END-- [ RunTime:0.001000s ]

[ 2016-11-10T09:54:28+08:00 ] 127.0.0.1 /index.php?m=admin&c=login&a=check
INFO: [ app_begin ] --START--
INFO: Run Behavior\ReadHtmlCacheBehavior [ RunTime:0.000000s ]
INFO: [ app_begin ] --END-- [ RunTime:0.001000s ]

[ 2016-11-10T09:54:36+08:00 ] 127.0.0.1 /index.php?m=admin&c=login&a=check
INFO: [ app_begin ] --START--
INFO: Run Behavior\ReadHtmlCacheBehavior [ RunTime:0.000000s ]
INFO: [ app_begin ] --END-- [ RunTime:0.000000s ]

[ 2016-11-10T09:55:17+08:00 ] 127.0.0.1 /index.php?m=admin&c=login&a=check
INFO: [ app_begin ] --START--
INFO: Run Behavior\ReadHtmlCacheBehavior [ RunTime:0.000000s ]
INFO: [ app_begin ] --END-- [ RunTime:0.000000s ]

[ 2016-11-10T09:56:39+08:00 ] 127.0.0.1 /index.php?m=admin&c=login&a=check
INFO: [ app_begin ] --START--
INFO: Run Behavior\ReadHtmlCacheBehavior [ RunTime:0.001001s ]
INFO: [ app_begin ] --END-- [ RunTime:0.001001s ]
SQL: SELECT   column_name,   data_type,   column_default,   is_nullable
        FROM    information_schema.tables AS t
        JOIN    information_schema.columns AS c
        ON  t.table_catalog = c.table_catalog
        AND t.table_schema  = c.table_schema
        AND t.table_name    = c.table_name
        WHERE   t.table_name = 'admin' [ RunTime:0.0010s ]
NOTIC: [8] Use of undefined constant C - assumed 'C' D:\WWW\project\Application\Common\Model\AdminModel.class.php 第 10 行.
ERR: 207:[Microsoft][SQL Server Native Client 11.0][SQL Server]列名 'C' 无效。
 [ SQL语句 ] : SELECT T1.* FROM (SELECT thinkphp.*, ROW_NUMBER() OVER ( ORDER BY rand()) AS ROW_NUMBER FROM (SELECT  * FROM [admin] WHERE ( username="C" ) ) AS thinkphp) AS T1 WHERE (T1.ROW_NUMBER BETWEEN 1 AND 1)
ERR: 207:[Microsoft][SQL Server Native Client 11.0][SQL Server]列名 'C' 无效。
 [ SQL语句 ] : SELECT T1.* FROM (SELECT thinkphp.*, ROW_NUMBER() OVER ( ORDER BY rand()) AS ROW_NUMBER FROM (SELECT  * FROM [admin] WHERE ( username="C" ) ) AS thinkphp) AS T1 WHERE (T1.ROW_NUMBER BETWEEN 1 AND 1)

[ 2016-11-10T09:58:36+08:00 ] 127.0.0.1 /index.php?m=admin&c=login&a=check
INFO: [ app_begin ] --START--
INFO: Run Behavior\ReadHtmlCacheBehavior [ RunTime:0.000000s ]
INFO: [ app_begin ] --END-- [ RunTime:0.001000s ]
SQL: SELECT   column_name,   data_type,   column_default,   is_nullable
        FROM    information_schema.tables AS t
        JOIN    information_schema.columns AS c
        ON  t.table_catalog = c.table_catalog
        AND t.table_schema  = c.table_schema
        AND t.table_name    = c.table_name
        WHERE   t.table_name = 'admin' [ RunTime:0.0000s ]
ERR: Think\Model:getAdminByUsername方法不存在！

[ 2016-11-10T10:01:27+08:00 ] 127.0.0.1 /index.php?m=admin&c=login&a=check
INFO: [ app_begin ] --START--
INFO: Run Behavior\ReadHtmlCacheBehavior [ RunTime:0.000000s ]
INFO: [ app_begin ] --END-- [ RunTime:0.001000s ]
SQL: SELECT   column_name,   data_type,   column_default,   is_nullable
        FROM    information_schema.tables AS t
        JOIN    information_schema.columns AS c
        ON  t.table_catalog = c.table_catalog
        AND t.table_schema  = c.table_schema
        AND t.table_name    = c.table_name
        WHERE   t.table_name = 'admin' [ RunTime:0.0010s ]
ERR: Think\Model:getAdminByUsername方法不存在！

[ 2016-11-10T10:02:26+08:00 ] 127.0.0.1 /index.php?m=admin&c=login&a=check
INFO: [ app_begin ] --START--
INFO: Run Behavior\ReadHtmlCacheBehavior [ RunTime:0.000000s ]
INFO: [ app_begin ] --END-- [ RunTime:0.000000s ]
SQL: SELECT   column_name,   data_type,   column_default,   is_nullable
        FROM    information_schema.tables AS t
        JOIN    information_schema.columns AS c
        ON  t.table_catalog = c.table_catalog
        AND t.table_schema  = c.table_schema
        AND t.table_name    = c.table_name
        WHERE   t.table_name = 'admin' [ RunTime:0.0010s ]
ERR: Think\Model:getAdminByUsername方法不存在！

[ 2016-11-10T10:02:50+08:00 ] 127.0.0.1 /index.php?m=admin&c=login&a=check
INFO: [ app_begin ] --START--
INFO: Run Behavior\ReadHtmlCacheBehavior [ RunTime:0.000000s ]
INFO: [ app_begin ] --END-- [ RunTime:0.001000s ]
SQL: SELECT   column_name,   data_type,   column_default,   is_nullable
        FROM    information_schema.tables AS t
        JOIN    information_schema.columns AS c
        ON  t.table_catalog = c.table_catalog
        AND t.table_schema  = c.table_schema
        AND t.table_name    = c.table_name
        WHERE   t.table_name = 'admin' [ RunTime:0.0010s ]
ERR: Think\Model:getAdminByUsername方法不存在！

[ 2016-11-10T10:08:19+08:00 ] 127.0.0.1 /index.php?m=admin&c=login&a=check
INFO: [ app_begin ] --START--
INFO: Run Behavior\ReadHtmlCacheBehavior [ RunTime:0.015600s ]
INFO: [ app_begin ] --END-- [ RunTime:0.015600s ]
SQL: SELECT   column_name,   data_type,   column_default,   is_nullable
        FROM    information_schema.tables AS t
        JOIN    information_schema.columns AS c
        ON  t.table_catalog = c.table_catalog
        AND t.table_schema  = c.table_schema
        AND t.table_name    = c.table_name
        WHERE   t.table_name = 'admin' [ RunTime:0.0000s ]
SQL: SELECT T1.* FROM (SELECT thinkphp.*, ROW_NUMBER() OVER ( ORDER BY rand()) AS ROW_NUMBER FROM (SELECT  * FROM [admin] ) AS thinkphp) AS T1 WHERE (T1.ROW_NUMBER BETWEEN 1 AND 1) [ RunTime:0.0090s ]

[ 2016-11-10T10:09:28+08:00 ] 127.0.0.1 /index.php?m=admin&c=login&a=check
INFO: [ app_begin ] --START--
INFO: Run Behavior\ReadHtmlCacheBehavior [ RunTime:0.000000s ]
INFO: [ app_begin ] --END-- [ RunTime:0.001000s ]
SQL: SELECT   column_name,   data_type,   column_default,   is_nullable
        FROM    information_schema.tables AS t
        JOIN    information_schema.columns AS c
        ON  t.table_catalog = c.table_catalog
        AND t.table_schema  = c.table_schema
        AND t.table_name    = c.table_name
        WHERE   t.table_name = 'admin' [ RunTime:0.0010s ]
SQL: SELECT T1.* FROM (SELECT thinkphp.*, ROW_NUMBER() OVER ( ORDER BY rand()) AS ROW_NUMBER FROM (SELECT  * FROM [admin] ) AS thinkphp) AS T1 WHERE (T1.ROW_NUMBER BETWEEN 1 AND 1) [ RunTime:0.0000s ]

[ 2016-11-10T10:14:22+08:00 ] 127.0.0.1 /index.php?m=admin&c=login&a=check
INFO: [ app_begin ] --START--
INFO: Run Behavior\ReadHtmlCacheBehavior [ RunTime:0.000000s ]
INFO: [ app_begin ] --END-- [ RunTime:0.015600s ]
SQL: SELECT   column_name,   data_type,   column_default,   is_nullable
        FROM    information_schema.tables AS t
        JOIN    information_schema.columns AS c
        ON  t.table_catalog = c.table_catalog
        AND t.table_schema  = c.table_schema
        AND t.table_name    = c.table_name
        WHERE   t.table_name = 'admin' [ RunTime:0.0000s ]
SQL: SELECT T1.* FROM (SELECT thinkphp.*, ROW_NUMBER() OVER ( ORDER BY rand()) AS ROW_NUMBER FROM (SELECT  [password] FROM [admin] ) AS thinkphp) AS T1 WHERE (T1.ROW_NUMBER BETWEEN 1 AND 1) [ RunTime:0.0156s ]

[ 2016-11-10T10:15:17+08:00 ] 127.0.0.1 /index.php?m=admin&c=login&a=check
INFO: [ app_begin ] --START--
INFO: Run Behavior\ReadHtmlCacheBehavior [ RunTime:0.000000s ]
INFO: [ app_begin ] --END-- [ RunTime:0.001000s ]
SQL: SELECT   column_name,   data_type,   column_default,   is_nullable
        FROM    information_schema.tables AS t
        JOIN    information_schema.columns AS c
        ON  t.table_catalog = c.table_catalog
        AND t.table_schema  = c.table_schema
        AND t.table_name    = c.table_name
        WHERE   t.table_name = 'admin' [ RunTime:0.0010s ]
SQL: SELECT T1.* FROM (SELECT thinkphp.*, ROW_NUMBER() OVER ( ORDER BY rand()) AS ROW_NUMBER FROM (SELECT  [password] FROM [admin] ) AS thinkphp) AS T1 WHERE (T1.ROW_NUMBER BETWEEN 1 AND 1) [ RunTime:0.0000s ]

[ 2016-11-10T10:15:58+08:00 ] 127.0.0.1 /index.php?m=admin&c=login&a=check
INFO: [ app_begin ] --START--
INFO: Run Behavior\ReadHtmlCacheBehavior [ RunTime:0.000000s ]
INFO: [ app_begin ] --END-- [ RunTime:0.000000s ]
SQL: SELECT   column_name,   data_type,   column_default,   is_nullable
        FROM    information_schema.tables AS t
        JOIN    information_schema.columns AS c
        ON  t.table_catalog = c.table_catalog
        AND t.table_schema  = c.table_schema
        AND t.table_name    = c.table_name
        WHERE   t.table_name = 'admin' [ RunTime:0.0010s ]
SQL: SELECT T1.* FROM (SELECT thinkphp.*, ROW_NUMBER() OVER ( ORDER BY rand()) AS ROW_NUMBER FROM (SELECT  [password] FROM [admin] ) AS thinkphp) AS T1 WHERE (T1.ROW_NUMBER BETWEEN 1 AND 1) [ RunTime:0.0000s ]

[ 2016-11-10T10:16:01+08:00 ] 127.0.0.1 /admin.php?c=menu
ERR: Think\Model:getMenus方法不存在！

[ 2016-11-10T10:16:03+08:00 ] 127.0.0.1 /admin.php?c=menu
ERR: Think\Model:getMenus方法不存在！

[ 2016-11-10T10:43:57+08:00 ] 127.0.0.1 /admin.php?c=menu
ERR: Think\Model:getMenus方法不存在！

[ 2016-11-10T10:44:00+08:00 ] 127.0.0.1 /admin.php?c=menu
ERR: Think\Model:getMenus方法不存在！

[ 2016-11-10T10:44:14+08:00 ] 127.0.0.1 /admin.php?c=menu
ERR: Think\Model:getMenus方法不存在！

[ 2016-11-10T10:46:16+08:00 ] 127.0.0.1 /index.php?m=admin&c=login&a=check
INFO: [ app_begin ] --START--
INFO: Run Behavior\ReadHtmlCacheBehavior [ RunTime:0.001000s ]
INFO: [ app_begin ] --END-- [ RunTime:0.001000s ]

[ 2016-11-10T10:46:27+08:00 ] 127.0.0.1 /index.php?m=admin&c=login&a=check
INFO: [ app_begin ] --START--
INFO: Run Behavior\ReadHtmlCacheBehavior [ RunTime:0.000000s ]
INFO: [ app_begin ] --END-- [ RunTime:0.000000s ]
SQL: SELECT   column_name,   data_type,   column_default,   is_nullable
        FROM    information_schema.tables AS t
        JOIN    information_schema.columns AS c
        ON  t.table_catalog = c.table_catalog
        AND t.table_schema  = c.table_schema
        AND t.table_name    = c.table_name
        WHERE   t.table_name = 'admin' [ RunTime:0.0150s ]
SQL: SELECT T1.* FROM (SELECT thinkphp.*, ROW_NUMBER() OVER ( ORDER BY rand()) AS ROW_NUMBER FROM (SELECT  [password] FROM [admin] ) AS thinkphp) AS T1 WHERE (T1.ROW_NUMBER BETWEEN 1 AND 1) [ RunTime:0.0010s ]

[ 2016-11-10T14:19:50+08:00 ] 127.0.0.1 /index.php?m=admin&c=login&a=check
INFO: [ app_begin ] --START--
INFO: Run Behavior\ReadHtmlCacheBehavior [ RunTime:0.001000s ]
INFO: [ app_begin ] --END-- [ RunTime:0.001000s ]

[ 2016-11-10T14:22:32+08:00 ] 127.0.0.1 /index.php?m=admin&c=login&a=check
INFO: [ app_begin ] --START--
INFO: Run Behavior\ReadHtmlCacheBehavior [ RunTime:0.000000s ]
INFO: [ app_begin ] --END-- [ RunTime:0.001000s ]

[ 2016-11-10T14:27:09+08:00 ] 127.0.0.1 /index.php?m=admin&c=login&a=check
INFO: [ app_begin ] --START--
INFO: Run Behavior\ReadHtmlCacheBehavior [ RunTime:0.001000s ]
INFO: [ app_begin ] --END-- [ RunTime:0.001000s ]
SQL: SELECT   column_name,   data_type,   column_default,   is_nullable
        FROM    information_schema.tables AS t
        JOIN    information_schema.columns AS c
        ON  t.table_catalog = c.table_catalog
        AND t.table_schema  = c.table_schema
        AND t.table_name    = c.table_name
        WHERE   t.table_name = 'admin' [ RunTime:0.5540s ]
SQL: SELECT T1.* FROM (SELECT thinkphp.*, ROW_NUMBER() OVER ( ORDER BY rand()) AS ROW_NUMBER FROM (SELECT  [password] FROM [admin] ) AS thinkphp) AS T1 WHERE (T1.ROW_NUMBER BETWEEN 1 AND 1) [ RunTime:0.0468s ]

[ 2016-11-10T14:28:25+08:00 ] 127.0.0.1 /admin.php?c=menu
ERR: Think\Model:getMenus方法不存在！

[ 2016-11-10T14:29:45+08:00 ] 127.0.0.1 /admin.php?c=menu&a=index
ERR: Think\Model:getMenus方法不存在！

[ 2016-11-10T14:37:27+08:00 ] 127.0.0.1 /admin.php?c=menu&a=index
ERR: Think\Model:getMenus方法不存在！

[ 2016-11-10T14:37:52+08:00 ] 127.0.0.1 /admin.php?c=menu&a=index
ERR: Think\Model:getMenus方法不存在！

[ 2016-11-10T14:37:53+08:00 ] 127.0.0.1 /admin.php?c=menu&a=index
ERR: Think\Model:getMenus方法不存在！

[ 2016-11-10T14:37:53+08:00 ] 127.0.0.1 /admin.php?c=menu&a=index
ERR: Think\Model:getMenus方法不存在！

[ 2016-11-10T14:37:54+08:00 ] 127.0.0.1 /admin.php?c=menu&a=index
ERR: Think\Model:getMenus方法不存在！

[ 2016-11-10T14:37:54+08:00 ] 127.0.0.1 /admin.php?c=menu&a=index
ERR: Think\Model:getMenus方法不存在！

[ 2016-11-10T14:37:54+08:00 ] 127.0.0.1 /admin.php?c=menu&a=index
ERR: Think\Model:getMenus方法不存在！

[ 2016-11-10T14:38:18+08:00 ] 127.0.0.1 /admin.php?c=menu&a=index
ERR: Think\Model:getMenus方法不存在！

[ 2016-11-10T14:38:19+08:00 ] 127.0.0.1 /admin.php?c=menu&a=index
ERR: Think\Model:getMenus方法不存在！

[ 2016-11-10T14:38:19+08:00 ] 127.0.0.1 /admin.php?c=menu&a=index
ERR: Think\Model:getMenus方法不存在！

[ 2016-11-10T14:38:59+08:00 ] 127.0.0.1 /admin.php?c=menu&a=index
ERR: Think\Model:getMenus方法不存在！

[ 2016-11-10T14:39:00+08:00 ] 127.0.0.1 /admin.php?c=menu&a=index
ERR: Think\Model:getMenus方法不存在！

[ 2016-11-10T14:39:25+08:00 ] 127.0.0.1 /admin.php?c=menu&a=index
ERR: Think\Model:getMenus方法不存在！

[ 2016-11-10T14:39:25+08:00 ] 127.0.0.1 /admin.php?c=menu&a=index
ERR: Think\Model:getMenus方法不存在！

[ 2016-11-10T14:39:52+08:00 ] 127.0.0.1 /admin.php?c=menu&a=index
ERR: Think\Model:getMenus方法不存在！

[ 2016-11-10T14:39:53+08:00 ] 127.0.0.1 /admin.php?c=menu&a=index
ERR: Think\Model:getMenus方法不存在！

[ 2016-11-10T14:39:53+08:00 ] 127.0.0.1 /admin.php?c=menu&a=index
ERR: Think\Model:getMenus方法不存在！

[ 2016-11-10T14:41:14+08:00 ] 127.0.0.1 /admin.php?c=menu&a=index
ERR: Think\Model:getMenus方法不存在！

[ 2016-11-10T14:41:15+08:00 ] 127.0.0.1 /admin.php?c=menu&a=index
ERR: Think\Model:getMenus方法不存在！

[ 2016-11-10T14:41:15+08:00 ] 127.0.0.1 /admin.php?c=menu&a=index
ERR: Think\Model:getMenus方法不存在！

[ 2016-11-10T14:41:15+08:00 ] 127.0.0.1 /admin.php?c=menu&a=index
ERR: Think\Model:getMenus方法不存在！

[ 2016-11-10T14:41:16+08:00 ] 127.0.0.1 /admin.php?c=menu&a=index
ERR: Think\Model:getMenus方法不存在！

[ 2016-11-10T14:41:42+08:00 ] 127.0.0.1 /index.php?m=admin&c=login&a=check
INFO: [ app_begin ] --START--
INFO: Run Behavior\ReadHtmlCacheBehavior [ RunTime:0.000000s ]
INFO: [ app_begin ] --END-- [ RunTime:0.000000s ]
SQL: SELECT   column_name,   data_type,   column_default,   is_nullable
        FROM    information_schema.tables AS t
        JOIN    information_schema.columns AS c
        ON  t.table_catalog = c.table_catalog
        AND t.table_schema  = c.table_schema
        AND t.table_name    = c.table_name
        WHERE   t.table_name = 'admin' [ RunTime:0.0316s ]
SQL: SELECT T1.* FROM (SELECT thinkphp.*, ROW_NUMBER() OVER ( ORDER BY rand()) AS ROW_NUMBER FROM (SELECT  [password] FROM [admin] ) AS thinkphp) AS T1 WHERE (T1.ROW_NUMBER BETWEEN 1 AND 1) [ RunTime:0.0010s ]

[ 2016-11-10T14:41:44+08:00 ] 127.0.0.1 /admin.php?c=menu
ERR: Think\Model:getMenus方法不存在！

[ 2016-11-10T14:43:44+08:00 ] 127.0.0.1 /admin.php?c=menu
ERR: Think\Model:getMenus方法不存在！

[ 2016-11-10T14:43:45+08:00 ] 127.0.0.1 /admin.php?c=menu
ERR: Think\Model:getMenus方法不存在！

[ 2016-11-10T14:43:45+08:00 ] 127.0.0.1 /admin.php?c=menu
ERR: Think\Model:getMenus方法不存在！

[ 2016-11-10T14:43:48+08:00 ] 127.0.0.1 /admin.php?c=menu
ERR: Think\Model:getMenus方法不存在！

[ 2016-11-10T14:43:53+08:00 ] 127.0.0.1 /admin.php?c=menu
ERR: Think\Model:getMenus方法不存在！

[ 2016-11-10T14:44:28+08:00 ] 127.0.0.1 /admin.php?c=menu
ERR: Think\Model:getMenus方法不存在！

[ 2016-11-10T14:44:29+08:00 ] 127.0.0.1 /admin.php?c=menu
ERR: Think\Model:getMenus方法不存在！

[ 2016-11-10T14:44:29+08:00 ] 127.0.0.1 /admin.php?c=menu
ERR: Think\Model:getMenus方法不存在！

[ 2016-11-10T14:44:29+08:00 ] 127.0.0.1 /admin.php?c=menu
ERR: Think\Model:getMenus方法不存在！

[ 2016-11-10T14:44:32+08:00 ] 127.0.0.1 /admin.php?c=menu
ERR: Think\Model:getMenus方法不存在！

[ 2016-11-10T14:45:03+08:00 ] 127.0.0.1 /index.php?m=admin&c=login&a=check
INFO: [ app_begin ] --START--
INFO: Run Behavior\ReadHtmlCacheBehavior [ RunTime:0.000000s ]
INFO: [ app_begin ] --END-- [ RunTime:0.000000s ]
SQL: SELECT   column_name,   data_type,   column_default,   is_nullable
        FROM    information_schema.tables AS t
        JOIN    information_schema.columns AS c
        ON  t.table_catalog = c.table_catalog
        AND t.table_schema  = c.table_schema
        AND t.table_name    = c.table_name
        WHERE   t.table_name = 'admin' [ RunTime:0.0140s ]
SQL: SELECT T1.* FROM (SELECT thinkphp.*, ROW_NUMBER() OVER ( ORDER BY rand()) AS ROW_NUMBER FROM (SELECT  [password] FROM [admin] ) AS thinkphp) AS T1 WHERE (T1.ROW_NUMBER BETWEEN 1 AND 1) [ RunTime:0.0010s ]

[ 2016-11-10T14:45:06+08:00 ] 127.0.0.1 /admin.php?c=menu
ERR: Think\Model:getMenus方法不存在！

[ 2016-11-10T14:45:44+08:00 ] 127.0.0.1 /admin.php?m=Admin&c=Name&a=index
ERR: 非法操作:index

[ 2016-11-10T14:46:22+08:00 ] 127.0.0.1 /index.php?m=admin&c=login&a=check
INFO: [ app_begin ] --START--
INFO: Run Behavior\ReadHtmlCacheBehavior [ RunTime:0.000000s ]
INFO: [ app_begin ] --END-- [ RunTime:0.000000s ]
SQL: SELECT   column_name,   data_type,   column_default,   is_nullable
        FROM    information_schema.tables AS t
        JOIN    information_schema.columns AS c
        ON  t.table_catalog = c.table_catalog
        AND t.table_schema  = c.table_schema
        AND t.table_name    = c.table_name
        WHERE   t.table_name = 'admin' [ RunTime:0.0156s ]
SQL: SELECT T1.* FROM (SELECT thinkphp.*, ROW_NUMBER() OVER ( ORDER BY rand()) AS ROW_NUMBER FROM (SELECT  [password] FROM [admin] ) AS thinkphp) AS T1 WHERE (T1.ROW_NUMBER BETWEEN 1 AND 1) [ RunTime:0.0000s ]

[ 2016-11-10T14:46:25+08:00 ] 127.0.0.1 /admin.php?c=menu
ERR: Think\Model:getMenus方法不存在！

[ 2016-11-10T14:48:48+08:00 ] 127.0.0.1 /index.php?m=admin&c=login&a=check
INFO: [ app_begin ] --START--
INFO: Run Behavior\ReadHtmlCacheBehavior [ RunTime:0.000000s ]
INFO: [ app_begin ] --END-- [ RunTime:0.000000s ]
SQL: SELECT   column_name,   data_type,   column_default,   is_nullable
        FROM    information_schema.tables AS t
        JOIN    information_schema.columns AS c
        ON  t.table_catalog = c.table_catalog
        AND t.table_schema  = c.table_schema
        AND t.table_name    = c.table_name
        WHERE   t.table_name = 'admin' [ RunTime:0.0170s ]
SQL: SELECT T1.* FROM (SELECT thinkphp.*, ROW_NUMBER() OVER ( ORDER BY rand()) AS ROW_NUMBER FROM (SELECT  [password] FROM [admin] ) AS thinkphp) AS T1 WHERE (T1.ROW_NUMBER BETWEEN 1 AND 1) [ RunTime:0.0010s ]

[ 2016-11-10T16:00:28+08:00 ] 127.0.0.1 /admin.php?c=basic
ERR: 无法加载控制器:Basic

[ 2016-11-10T16:24:19+08:00 ] 127.0.0.1 /admin.php?c=menu&a=add
INFO: [ app_begin ] --START--
INFO: Run Behavior\ReadHtmlCacheBehavior [ RunTime:0.000000s ]
INFO: [ app_begin ] --END-- [ RunTime:0.000000s ]
NOTIC: [8] Undefined index: id D:\WWW\project\Application\Admin\Controller\MenuController.class.php 第 31 行.
NOTIC: [2048] Declaration of Common\Model\MenuModel::find() should be compatible with Think\Model::find($options = Array) D:\WWW\project\Application\Admin\Model\MenuModel.class.php 第 5 行.
SQL: SELECT   column_name,   data_type,   column_default,   is_nullable
        FROM    information_schema.tables AS t
        JOIN    information_schema.columns AS c
        ON  t.table_catalog = c.table_catalog
        AND t.table_schema  = c.table_schema
        AND t.table_name    = c.table_name
        WHERE   t.table_name = 'menu' [ RunTime:0.0000s ]
SQL: INSERT INTO [menu] ([name]) VALUES ('排插') [ RunTime:0.1570s ]

[ 2016-11-10T16:25:31+08:00 ] 127.0.0.1 /admin.php?c=menu&a=add
INFO: [ app_begin ] --START--
INFO: Run Behavior\ReadHtmlCacheBehavior [ RunTime:0.000000s ]
INFO: [ app_begin ] --END-- [ RunTime:0.000000s ]
NOTIC: [8] Undefined index: id D:\WWW\project\Application\Admin\Controller\MenuController.class.php 第 31 行.
NOTIC: [2048] Declaration of Common\Model\MenuModel::find() should be compatible with Think\Model::find($options = Array) D:\WWW\project\Application\Admin\Model\MenuModel.class.php 第 5 行.
SQL: SELECT   column_name,   data_type,   column_default,   is_nullable
        FROM    information_schema.tables AS t
        JOIN    information_schema.columns AS c
        ON  t.table_catalog = c.table_catalog
        AND t.table_schema  = c.table_schema
        AND t.table_name    = c.table_name
        WHERE   t.table_name = 'menu' [ RunTime:0.0020s ]
SQL: INSERT INTO [menu] ([name]) VALUES ('排插') [ RunTime:0.0010s ]

[ 2016-11-10T16:27:35+08:00 ] 127.0.0.1 /admin.php?c=menu&a=add
INFO: [ app_begin ] --START--
INFO: Run Behavior\ReadHtmlCacheBehavior [ RunTime:0.000000s ]
INFO: [ app_begin ] --END-- [ RunTime:0.000000s ]
NOTIC: [8] Undefined index: id D:\WWW\project\Application\Admin\Controller\MenuController.class.php 第 31 行.
SQL: SELECT   column_name,   data_type,   column_default,   is_nullable
        FROM    information_schema.tables AS t
        JOIN    information_schema.columns AS c
        ON  t.table_catalog = c.table_catalog
        AND t.table_schema  = c.table_schema
        AND t.table_name    = c.table_name
        WHERE   t.table_name = 'collect' [ RunTime:0.0000s ]
ERR: Think\Model:insert方法不存在！

[ 2016-11-10T16:27:49+08:00 ] 127.0.0.1 /admin.php?c=menu&a=add
INFO: [ app_begin ] --START--
INFO: Run Behavior\ReadHtmlCacheBehavior [ RunTime:0.000000s ]
INFO: [ app_begin ] --END-- [ RunTime:0.000000s ]
NOTIC: [8] Undefined index: id D:\WWW\project\Application\Admin\Controller\MenuController.class.php 第 31 行.
SQL: SELECT   column_name,   data_type,   column_default,   is_nullable
        FROM    information_schema.tables AS t
        JOIN    information_schema.columns AS c
        ON  t.table_catalog = c.table_catalog
        AND t.table_schema  = c.table_schema
        AND t.table_name    = c.table_name
        WHERE   t.table_name = 'collect' [ RunTime:0.0280s ]
ERR: Think\Model:insert方法不存在！

[ 2016-11-10T16:30:13+08:00 ] 127.0.0.1 /admin.php?c=menu&a=add
INFO: [ app_begin ] --START--
INFO: Run Behavior\ReadHtmlCacheBehavior [ RunTime:0.000000s ]
INFO: [ app_begin ] --END-- [ RunTime:0.001000s ]
NOTIC: [8] Undefined index: id D:\WWW\project\Application\Admin\Controller\MenuController.class.php 第 31 行.
SQL: SELECT   column_name,   data_type,   column_default,   is_nullable
        FROM    information_schema.tables AS t
        JOIN    information_schema.columns AS c
        ON  t.table_catalog = c.table_catalog
        AND t.table_schema  = c.table_schema
        AND t.table_name    = c.table_name
        WHERE   t.table_name = 'collect' [ RunTime:0.0230s ]
SQL: INSERT INTO [collect] ([name]) VALUES ('显示器') [ RunTime:0.0990s ]

[ 2016-11-10T16:30:36+08:00 ] 127.0.0.1 /admin.php?c=menu&a=add
INFO: [ app_begin ] --START--
INFO: Run Behavior\ReadHtmlCacheBehavior [ RunTime:0.001000s ]
INFO: [ app_begin ] --END-- [ RunTime:0.001000s ]

[ 2016-11-10T16:31:39+08:00 ] 127.0.0.1 /admin.php?c=menu&a=add
INFO: [ app_begin ] --START--
INFO: Run Behavior\ReadHtmlCacheBehavior [ RunTime:0.000000s ]
INFO: [ app_begin ] --END-- [ RunTime:0.000000s ]
NOTIC: [8] Undefined variable: id D:\WWW\project\Application\Admin\Controller\MenuController.class.php 第 105 行.
NOTIC: 建议使用E方法替代throw_exception

[ 2016-11-10T16:31:49+08:00 ] 127.0.0.1 /admin.php?c=menu&a=add
INFO: [ app_begin ] --START--
INFO: Run Behavior\ReadHtmlCacheBehavior [ RunTime:0.000000s ]
INFO: [ app_begin ] --END-- [ RunTime:0.000000s ]
NOTIC: [8] Undefined variable: id D:\WWW\project\Application\Admin\Controller\MenuController.class.php 第 105 行.
NOTIC: 建议使用E方法替代throw_exception

[ 2016-11-10T16:35:59+08:00 ] 127.0.0.1 /admin.php?c=menu&a=add
INFO: [ app_begin ] --START--
INFO: Run Behavior\ReadHtmlCacheBehavior [ RunTime:0.001000s ]
INFO: [ app_begin ] --END-- [ RunTime:0.001000s ]

[ 2016-11-10T16:40:11+08:00 ] 127.0.0.1 /admin.php?c=menu&a=add
INFO: [ app_begin ] --START--
INFO: Run Behavior\ReadHtmlCacheBehavior [ RunTime:0.001000s ]
INFO: [ app_begin ] --END-- [ RunTime:0.001000s ]
SQL: SELECT   column_name,   data_type,   column_default,   is_nullable
        FROM    information_schema.tables AS t
        JOIN    information_schema.columns AS c
        ON  t.table_catalog = c.table_catalog
        AND t.table_schema  = c.table_schema
        AND t.table_name    = c.table_name
        WHERE   t.table_name = 'collect' [ RunTime:0.0180s ]
SQL: UPDATE [collect] SET [name]='键盘1' WHERE ( id=6 ) [ RunTime:0.0100s ]

