[ 2016-11-14T09:27:44+08:00 ] 127.0.0.1 /index.php?m=admin&c=login&a=check
INFO: [ app_begin ] --START--
INFO: Run Behavior\ReadHtmlCacheBehavior [ RunTime:0.000000s ]
INFO: [ app_begin ] --END-- [ RunTime:0.000000s ]
SQL: SELECT   column_name,   data_type,   column_default,   is_nullable
        FROM    information_schema.tables AS t
        JOIN    information_schema.columns AS c
        ON  t.table_catalog = c.table_catalog
        AND t.table_schema  = c.table_schema
        AND t.table_name    = c.table_name
        WHERE   t.table_name = 'admin' [ RunTime:0.0312s ]
SQL: SELECT T1.* FROM (SELECT thinkphp.*, ROW_NUMBER() OVER ( ORDER BY rand()) AS ROW_NUMBER FROM (SELECT  [password] FROM [admin] ) AS thinkphp) AS T1 WHERE (T1.ROW_NUMBER BETWEEN 1 AND 1) [ RunTime:0.0156s ]

[ 2016-11-14T09:35:49+08:00 ] 127.0.0.1 /admin.php?c=menu&a=add
INFO: [ app_begin ] --START--
INFO: Run Behavior\ReadHtmlCacheBehavior [ RunTime:0.000000s ]
INFO: [ app_begin ] --END-- [ RunTime:0.001000s ]
SQL: SELECT   column_name,   data_type,   column_default,   is_nullable
        FROM    information_schema.tables AS t
        JOIN    information_schema.columns AS c
        ON  t.table_catalog = c.table_catalog
        AND t.table_schema  = c.table_schema
        AND t.table_name    = c.table_name
        WHERE   t.table_name = 'collect' [ RunTime:0.0000s ]
SQL: UPDATE [collect] SET [name]='ÈîÆÁõò1' WHERE ( id=6 ) [ RunTime:0.0140s ]

[ 2016-11-14T09:36:16+08:00 ] 127.0.0.1 /admin.php?c=menu&a=add
INFO: [ app_begin ] --START--
INFO: Run Behavior\ReadHtmlCacheBehavior [ RunTime:0.000000s ]
INFO: [ app_begin ] --END-- [ RunTime:0.000000s ]
SQL: SELECT   column_name,   data_type,   column_default,   is_nullable
        FROM    information_schema.tables AS t
        JOIN    information_schema.columns AS c
        ON  t.table_catalog = c.table_catalog
        AND t.table_schema  = c.table_schema
        AND t.table_name    = c.table_name
        WHERE   t.table_name = 'collect' [ RunTime:0.0010s ]
SQL: UPDATE [collect] SET [name]='ÈîÆÁõò1',[idNumber]='rk0023' WHERE ( id=6 ) [ RunTime:0.0140s ]

[ 2016-11-14T09:38:06+08:00 ] 127.0.0.1 /admin.php?c=menu&a=add
INFO: [ app_begin ] --START--
INFO: Run Behavior\ReadHtmlCacheBehavior [ RunTime:0.001000s ]
INFO: [ app_begin ] --END-- [ RunTime:0.001000s ]
SQL: SELECT   column_name,   data_type,   column_default,   is_nullable
        FROM    information_schema.tables AS t
        JOIN    information_schema.columns AS c
        ON  t.table_catalog = c.table_catalog
        AND t.table_schema  = c.table_schema
        AND t.table_name    = c.table_name
        WHERE   t.table_name = 'collect' [ RunTime:0.0030s ]
SQL: UPDATE [collect] SET [name]='ÈîÆÁõò1',[idnumber]='rk002' WHERE ( id=6 ) [ RunTime:0.0020s ]

[ 2016-11-14T10:09:16+08:00 ] 127.0.0.1 /admin.php?c=menu&a=add
INFO: [ app_begin ] --START--
INFO: Run Behavior\ReadHtmlCacheBehavior [ RunTime:0.001000s ]
INFO: [ app_begin ] --END-- [ RunTime:0.001000s ]
SQL: SELECT   column_name,   data_type,   column_default,   is_nullable
        FROM    information_schema.tables AS t
        JOIN    information_schema.columns AS c
        ON  t.table_catalog = c.table_catalog
        AND t.table_schema  = c.table_schema
        AND t.table_name    = c.table_name
        WHERE   t.table_name = 'collect' [ RunTime:0.0010s ]
SQL: UPDATE [collect] SET [name]='ÈîÆÁõò11',[idnumber]='rk0021',[idmodel]='sahdu145_347145521',[status]='2',[number]='81',[price]='6301',[buyer]='Á®ãÂ∞èË±°1',[auditor]='ÁéãËä≥1',[time]='2016/11/81',[comment]='Êñ∞‰π∞ÂÜ∑ÈÖ∑Ëá≥Â∞äÊú∫Ê¢∞ÈîÆÁõò1' WHERE ( id=6 ) [ RunTime:0.0080s ]

[ 2016-11-14T10:09:53+08:00 ] 127.0.0.1 /admin.php?c=menu&a=add
INFO: [ app_begin ] --START--
INFO: Run Behavior\ReadHtmlCacheBehavior [ RunTime:0.000000s ]
INFO: [ app_begin ] --END-- [ RunTime:0.001000s ]
SQL: SELECT   column_name,   data_type,   column_default,   is_nullable
        FROM    information_schema.tables AS t
        JOIN    information_schema.columns AS c
        ON  t.table_catalog = c.table_catalog
        AND t.table_schema  = c.table_schema
        AND t.table_name    = c.table_name
        WHERE   t.table_name = 'collect' [ RunTime:0.0010s ]
SQL: UPDATE [collect] SET [name]='ÈîÆÁõò',[idnumber]='rk002',[idmodel]='sahdu145_34714552',[status]='0',[number]='8',[price]='23',[buyer]='Á®ãÂ∞èË±°',[auditor]='ÁéãËä≥',[time]='2016/11/8',[comment]='Êñ∞‰π∞ÂÜ∑ÈÖ∑Ëá≥Â∞äÊú∫Ê¢∞ÈîÆÁõò' WHERE ( id=6 ) [ RunTime:0.0020s ]

[ 2016-11-14T11:09:59+08:00 ] 127.0.0.1 /admin.php?c=menu&a=setStatus
INFO: [ app_begin ] --START--
INFO: Run Behavior\ReadHtmlCacheBehavior [ RunTime:0.000000s ]
INFO: [ app_begin ] --END-- [ RunTime:0.000000s ]
NOTIC: [2048] Declaration of Common\Model\MenuModel::find() should be compatible with Think\Model::find($options = Array) D:\WWW\project\Application\Admin\Model\MenuModel.class.php Á¨¨ 5 Ë°å.
SQL: SELECT   column_name,   data_type,   column_default,   is_nullable
        FROM    information_schema.tables AS t
        JOIN    information_schema.columns AS c
        ON  t.table_catalog = c.table_catalog
        AND t.table_schema  = c.table_schema
        AND t.table_name    = c.table_name
        WHERE   t.table_name = 'menu' [ RunTime:0.0000s ]
SQL: UPDATE [menu] SET [status]='-1' WHERE ( menu_id=6 ) [ RunTime:0.0256s ]

[ 2016-11-14T11:14:56+08:00 ] 127.0.0.1 /admin.php?c=menu&a=setStatus
INFO: [ app_begin ] --START--
INFO: Run Behavior\ReadHtmlCacheBehavior [ RunTime:0.000000s ]
INFO: [ app_begin ] --END-- [ RunTime:0.000000s ]
NOTIC: [8] Undefined index: display D:\WWW\project\Application\Admin\Controller\MenuController.class.php Á¨¨ 128 Ë°å.
NOTIC: Âª∫ËÆÆ‰ΩøÁî®EÊñπÊ≥ïÊõø‰ª£throw_exception

[ 2016-11-14T11:15:24+08:00 ] 127.0.0.1 /admin.php?c=menu&a=setStatus
INFO: [ app_begin ] --START--
INFO: Run Behavior\ReadHtmlCacheBehavior [ RunTime:0.000000s ]
INFO: [ app_begin ] --END-- [ RunTime:0.000000s ]
NOTIC: [8] Undefined index: display D:\WWW\project\Application\Admin\Controller\MenuController.class.php Á¨¨ 128 Ë°å.
NOTIC: Âª∫ËÆÆ‰ΩøÁî®EÊñπÊ≥ïÊõø‰ª£throw_exception

[ 2016-11-14T11:17:09+08:00 ] 127.0.0.1 /admin.php?c=menu&a=setStatus
INFO: [ app_begin ] --START--
INFO: Run Behavior\ReadHtmlCacheBehavior [ RunTime:0.001000s ]
INFO: [ app_begin ] --END-- [ RunTime:0.001000s ]
NOTIC: [8] Undefined index: display D:\WWW\project\Application\Admin\Controller\MenuController.class.php Á¨¨ 128 Ë°å.
NOTIC: Âª∫ËÆÆ‰ΩøÁî®EÊñπÊ≥ïÊõø‰ª£throw_exception

[ 2016-11-14T11:17:10+08:00 ] 127.0.0.1 /admin.php?c=menu&a=setStatus
INFO: [ app_begin ] --START--
INFO: Run Behavior\ReadHtmlCacheBehavior [ RunTime:0.000000s ]
INFO: [ app_begin ] --END-- [ RunTime:0.000000s ]
NOTIC: [8] Undefined index: display D:\WWW\project\Application\Admin\Controller\MenuController.class.php Á¨¨ 128 Ë°å.
NOTIC: Âª∫ËÆÆ‰ΩøÁî®EÊñπÊ≥ïÊõø‰ª£throw_exception

[ 2016-11-14T11:17:11+08:00 ] 127.0.0.1 /admin.php?c=menu&a=setStatus
INFO: [ app_begin ] --START--
INFO: Run Behavior\ReadHtmlCacheBehavior [ RunTime:0.000000s ]
INFO: [ app_begin ] --END-- [ RunTime:0.000000s ]
NOTIC: [8] Undefined index: display D:\WWW\project\Application\Admin\Controller\MenuController.class.php Á¨¨ 128 Ë°å.
NOTIC: Âª∫ËÆÆ‰ΩøÁî®EÊñπÊ≥ïÊõø‰ª£throw_exception

[ 2016-11-14T11:17:34+08:00 ] 127.0.0.1 /admin.php?c=menu&a=setStatus
INFO: [ app_begin ] --START--
INFO: Run Behavior\ReadHtmlCacheBehavior [ RunTime:0.000000s ]
INFO: [ app_begin ] --END-- [ RunTime:0.000000s ]
NOTIC: [8] Undefined index: display D:\WWW\project\Application\Admin\Controller\MenuController.class.php Á¨¨ 128 Ë°å.
NOTIC: Âª∫ËÆÆ‰ΩøÁî®EÊñπÊ≥ïÊõø‰ª£throw_exception

[ 2016-11-14T11:20:39+08:00 ] 127.0.0.1 /admin.php?c=menu&a=setStatus
INFO: [ app_begin ] --START--
INFO: Run Behavior\ReadHtmlCacheBehavior [ RunTime:0.001000s ]
INFO: [ app_begin ] --END-- [ RunTime:0.001000s ]
SQL: SELECT   column_name,   data_type,   column_default,   is_nullable
        FROM    information_schema.tables AS t
        JOIN    information_schema.columns AS c
        ON  t.table_catalog = c.table_catalog
        AND t.table_schema  = c.table_schema
        AND t.table_name    = c.table_name
        WHERE   t.table_name = 'collect' [ RunTime:0.0010s ]
SQL: UPDATE [collect] SET [display]='-1' WHERE ( id=7 ) [ RunTime:0.0020s ]

[ 2016-11-14T11:20:57+08:00 ] 127.0.0.1 /admin.php?c=menu&a=setStatus
INFO: [ app_begin ] --START--
INFO: Run Behavior\ReadHtmlCacheBehavior [ RunTime:0.001000s ]
INFO: [ app_begin ] --END-- [ RunTime:0.001000s ]
SQL: SELECT   column_name,   data_type,   column_default,   is_nullable
        FROM    information_schema.tables AS t
        JOIN    information_schema.columns AS c
        ON  t.table_catalog = c.table_catalog
        AND t.table_schema  = c.table_schema
        AND t.table_name    = c.table_name
        WHERE   t.table_name = 'collect' [ RunTime:0.0000s ]
SQL: UPDATE [collect] SET [display]='-1' WHERE ( id=6 ) [ RunTime:0.0010s ]

[ 2016-11-14T11:23:33+08:00 ] 127.0.0.1 /admin.php?c=basic
ERR: Êó†Ê≥ïÂä†ËΩΩÊéßÂà∂Âô®:Basic

[ 2016-11-14T11:23:54+08:00 ] 127.0.0.1 /admin.php?c=menu&a=setStatus
INFO: [ app_begin ] --START--
INFO: Run Behavior\ReadHtmlCacheBehavior [ RunTime:0.001000s ]
INFO: [ app_begin ] --END-- [ RunTime:0.001000s ]
SQL: SELECT   column_name,   data_type,   column_default,   is_nullable
        FROM    information_schema.tables AS t
        JOIN    information_schema.columns AS c
        ON  t.table_catalog = c.table_catalog
        AND t.table_schema  = c.table_schema
        AND t.table_name    = c.table_name
        WHERE   t.table_name = 'collect' [ RunTime:0.0000s ]
SQL: UPDATE [collect] SET [display]='-1' WHERE ( id=6 ) [ RunTime:0.0010s ]

[ 2016-11-14T11:24:47+08:00 ] 127.0.0.1 /admin.php?c=menu&a=setStatus
INFO: [ app_begin ] --START--
INFO: Run Behavior\ReadHtmlCacheBehavior [ RunTime:0.000000s ]
INFO: [ app_begin ] --END-- [ RunTime:0.001000s ]
SQL: SELECT   column_name,   data_type,   column_default,   is_nullable
        FROM    information_schema.tables AS t
        JOIN    information_schema.columns AS c
        ON  t.table_catalog = c.table_catalog
        AND t.table_schema  = c.table_schema
        AND t.table_name    = c.table_name
        WHERE   t.table_name = 'collect' [ RunTime:0.0010s ]
SQL: UPDATE [collect] SET [display]='-1' WHERE ( id=8 ) [ RunTime:0.0020s ]

[ 2016-11-14T14:01:12+08:00 ] 127.0.0.1 /admin.php?c=menu&a=add
INFO: [ app_begin ] --START--
INFO: Run Behavior\ReadHtmlCacheBehavior [ RunTime:0.001000s ]
INFO: [ app_begin ] --END-- [ RunTime:0.001000s ]
NOTIC: [8] Undefined index: id D:\WWW\project\Application\Admin\Controller\MenuController.class.php Á¨¨ 32 Ë°å.
SQL: SELECT   column_name,   data_type,   column_default,   is_nullable
        FROM    information_schema.tables AS t
        JOIN    information_schema.columns AS c
        ON  t.table_catalog = c.table_catalog
        AND t.table_schema  = c.table_schema
        AND t.table_name    = c.table_name
        WHERE   t.table_name = 'collect' [ RunTime:0.0170s ]
ERR: 102:[Microsoft][SQL Server Native Client 11.0][SQL Server]‚Äú)‚ÄùÈôÑËøëÊúâËØ≠Ê≥ïÈîôËØØ„ÄÇ
 [ SQLËØ≠Âè• ] : INSERT INTO [collect] () VALUES ()
ERR: 102:[Microsoft][SQL Server Native Client 11.0][SQL Server]‚Äú)‚ÄùÈôÑËøëÊúâËØ≠Ê≥ïÈîôËØØ„ÄÇ
 [ SQLËØ≠Âè• ] : INSERT INTO [collect] () VALUES ()

[ 2016-11-14T14:05:50+08:00 ] 127.0.0.1 /admin.php?c=menu&a=add
INFO: [ app_begin ] --START--
INFO: Run Behavior\ReadHtmlCacheBehavior [ RunTime:0.001000s ]
INFO: [ app_begin ] --END-- [ RunTime:0.001000s ]
NOTIC: [8] Undefined index: id D:\WWW\project\Application\Admin\Controller\MenuController.class.php Á¨¨ 32 Ë°å.
SQL: SELECT   column_name,   data_type,   column_default,   is_nullable
        FROM    information_schema.tables AS t
        JOIN    information_schema.columns AS c
        ON  t.table_catalog = c.table_catalog
        AND t.table_schema  = c.table_schema
        AND t.table_name    = c.table_name
        WHERE   t.table_name = 'collect' [ RunTime:0.0200s ]
ERR: 102:[Microsoft][SQL Server Native Client 11.0][SQL Server]‚Äú)‚ÄùÈôÑËøëÊúâËØ≠Ê≥ïÈîôËØØ„ÄÇ
 [ SQLËØ≠Âè• ] : INSERT INTO [collect] () VALUES ()
ERR: 102:[Microsoft][SQL Server Native Client 11.0][SQL Server]‚Äú)‚ÄùÈôÑËøëÊúâËØ≠Ê≥ïÈîôËØØ„ÄÇ
 [ SQLËØ≠Âè• ] : INSERT INTO [collect] () VALUES ()

[ 2016-11-14T14:07:56+08:00 ] 127.0.0.1 /admin.php?c=menu&a=add
INFO: [ app_begin ] --START--
INFO: Run Behavior\ReadHtmlCacheBehavior [ RunTime:0.001000s ]
INFO: [ app_begin ] --END-- [ RunTime:0.002001s ]

[ 2016-11-14T14:08:39+08:00 ] 127.0.0.1 /admin.php?c=menu&a=add
INFO: [ app_begin ] --START--
INFO: Run Behavior\ReadHtmlCacheBehavior [ RunTime:0.001000s ]
INFO: [ app_begin ] --END-- [ RunTime:0.001000s ]

[ 2016-11-14T14:12:38+08:00 ] 127.0.0.1 /admin.php?c=menu&a=add
INFO: [ app_begin ] --START--
INFO: Run Behavior\ReadHtmlCacheBehavior [ RunTime:0.000000s ]
INFO: [ app_begin ] --END-- [ RunTime:0.001000s ]

[ 2016-11-14T14:14:37+08:00 ] 127.0.0.1 /admin.php?c=menu&a=add
ERR: 102:[Microsoft][SQL Server Native Client 11.0][SQL Server]‚Äú)‚ÄùÈôÑËøëÊúâËØ≠Ê≥ïÈîôËØØ„ÄÇ
 [ SQLËØ≠Âè• ] : INSERT INTO [collect] () VALUES ()

[ 2016-11-14T14:15:16+08:00 ] 127.0.0.1 /admin.php?c=menu&a=add
ERR: 102:[Microsoft][SQL Server Native Client 11.0][SQL Server]‚Äú)‚ÄùÈôÑËøëÊúâËØ≠Ê≥ïÈîôËØØ„ÄÇ
 [ SQLËØ≠Âè• ] : INSERT INTO [collect] () VALUES ()

[ 2016-11-14T14:16:06+08:00 ] 127.0.0.1 /admin.php?c=menu&a=add
ERR: 102:[Microsoft][SQL Server Native Client 11.0][SQL Server]‚Äú)‚ÄùÈôÑËøëÊúâËØ≠Ê≥ïÈîôËØØ„ÄÇ
 [ SQLËØ≠Âè• ] : INSERT INTO [collect] () VALUES ()

[ 2016-11-14T14:21:46+08:00 ] 127.0.0.1 /admin.php?c=menu&a=add
ERR: 102:[Microsoft][SQL Server Native Client 11.0][SQL Server]‚Äú)‚ÄùÈôÑËøëÊúâËØ≠Ê≥ïÈîôËØØ„ÄÇ
 [ SQLËØ≠Âè• ] : INSERT INTO [collect] () VALUES ()

[ 2016-11-14T16:35:10+08:00 ] 127.0.0.1 /admin.php?c=menu&a=add
INFO: [ app_begin ] --START--
INFO: Run Behavior\ReadHtmlCacheBehavior [ RunTime:0.000000s ]
INFO: [ app_begin ] --END-- [ RunTime:0.000000s ]
NOTIC: [8] Use of undefined constant name - assumed 'name' D:\WWW\project\Application\Admin\Controller\MenuController.class.php Á¨¨ 46 Ë°å.
NOTIC: [8] Uninitialized string offset: 0 D:\WWW\project\Application\Admin\Controller\MenuController.class.php Á¨¨ 49 Ë°å.
NOTIC: [8] Undefined index: status D:\WWW\project\Application\Admin\Controller\MenuController.class.php Á¨¨ 50 Ë°å.
NOTIC: [8] Uninitialized string offset: 0 D:\WWW\project\Application\Admin\Controller\MenuController.class.php Á¨¨ 51 Ë°å.
NOTIC: [8] Uninitialized string offset: 0 D:\WWW\project\Application\Admin\Controller\MenuController.class.php Á¨¨ 52 Ë°å.
NOTIC: [8] Uninitialized string offset: 0 D:\WWW\project\Application\Admin\Controller\MenuController.class.php Á¨¨ 53 Ë°å.
NOTIC: [8] Uninitialized string offset: 0 D:\WWW\project\Application\Admin\Controller\MenuController.class.php Á¨¨ 54 Ë°å.
NOTIC: [8] Uninitialized string offset: 0 D:\WWW\project\Application\Admin\Controller\MenuController.class.php Á¨¨ 55 Ë°å.
NOTIC: [8] Uninitialized string offset: 0 D:\WWW\project\Application\Admin\Controller\MenuController.class.php Á¨¨ 56 Ë°å.
NOTIC: [8] Use of undefined constant name - assumed 'name' D:\WWW\project\Application\Admin\Controller\MenuController.class.php Á¨¨ 46 Ë°å.
SQL: SELECT   column_name,   data_type,   column_default,   is_nullable
        FROM    information_schema.tables AS t
        JOIN    information_schema.columns AS c
        ON  t.table_catalog = c.table_catalog
        AND t.table_schema  = c.table_schema
        AND t.table_name    = c.table_name
        WHERE   t.table_name = 'collect' [ RunTime:0.0010s ]
ERR: -7:An error occurred translating string for input param 1 to UCS-2: ‘⁄∂‡◊÷Ω⁄µƒƒø±Í¥˙¬Î“≥÷–£¨√ª”–¥À Unicode ◊÷∑˚ø…“‘”≥…‰µΩµƒ◊÷∑˚°£

 [ SQLËØ≠Âè• ] : INSERT INTO [collect] ([name],[idnumber],[idmodel],[status],[number],[price],[buyer],[auditor],[time],[comment]) SELECT 'Â','d','',NULL,'0','','','','',''
ERR: -7:An error occurred translating string for input param 1 to UCS-2: ‘⁄∂‡◊÷Ω⁄µƒƒø±Í¥˙¬Î“≥÷–£¨√ª”–¥À Unicode ◊÷∑˚ø…“‘”≥…‰µΩµƒ◊÷∑˚°£

 [ SQLËØ≠Âè• ] : INSERT INTO [collect] ([name],[idnumber],[idmodel],[status],[number],[price],[buyer],[auditor],[time],[comment]) SELECT 'Â','d','',NULL,'0','','','','',''

[ 2016-11-14T16:35:12+08:00 ] 127.0.0.1 /admin.php?c=menu&a=add
INFO: [ app_begin ] --START--
INFO: Run Behavior\ReadHtmlCacheBehavior [ RunTime:0.000000s ]
INFO: [ app_begin ] --END-- [ RunTime:0.000000s ]
NOTIC: [8] Use of undefined constant name - assumed 'name' D:\WWW\project\Application\Admin\Controller\MenuController.class.php Á¨¨ 46 Ë°å.
NOTIC: [8] Uninitialized string offset: 0 D:\WWW\project\Application\Admin\Controller\MenuController.class.php Á¨¨ 49 Ë°å.
NOTIC: [8] Undefined index: status D:\WWW\project\Application\Admin\Controller\MenuController.class.php Á¨¨ 50 Ë°å.
NOTIC: [8] Uninitialized string offset: 0 D:\WWW\project\Application\Admin\Controller\MenuController.class.php Á¨¨ 51 Ë°å.
NOTIC: [8] Uninitialized string offset: 0 D:\WWW\project\Application\Admin\Controller\MenuController.class.php Á¨¨ 52 Ë°å.
NOTIC: [8] Uninitialized string offset: 0 D:\WWW\project\Application\Admin\Controller\MenuController.class.php Á¨¨ 53 Ë°å.
NOTIC: [8] Uninitialized string offset: 0 D:\WWW\project\Application\Admin\Controller\MenuController.class.php Á¨¨ 54 Ë°å.
NOTIC: [8] Uninitialized string offset: 0 D:\WWW\project\Application\Admin\Controller\MenuController.class.php Á¨¨ 55 Ë°å.
NOTIC: [8] Uninitialized string offset: 0 D:\WWW\project\Application\Admin\Controller\MenuController.class.php Á¨¨ 56 Ë°å.
NOTIC: [8] Use of undefined constant name - assumed 'name' D:\WWW\project\Application\Admin\Controller\MenuController.class.php Á¨¨ 46 Ë°å.
SQL: SELECT   column_name,   data_type,   column_default,   is_nullable
        FROM    information_schema.tables AS t
        JOIN    information_schema.columns AS c
        ON  t.table_catalog = c.table_catalog
        AND t.table_schema  = c.table_schema
        AND t.table_name    = c.table_name
        WHERE   t.table_name = 'collect' [ RunTime:0.0010s ]
ERR: -7:An error occurred translating string for input param 1 to UCS-2: ‘⁄∂‡◊÷Ω⁄µƒƒø±Í¥˙¬Î“≥÷–£¨√ª”–¥À Unicode ◊÷∑˚ø…“‘”≥…‰µΩµƒ◊÷∑˚°£

 [ SQLËØ≠Âè• ] : INSERT INTO [collect] ([name],[idnumber],[idmodel],[status],[number],[price],[buyer],[auditor],[time],[comment]) SELECT 'Â','d','',NULL,'0','','','','',''
ERR: -7:An error occurred translating string for input param 1 to UCS-2: ‘⁄∂‡◊÷Ω⁄µƒƒø±Í¥˙¬Î“≥÷–£¨√ª”–¥À Unicode ◊÷∑˚ø…“‘”≥…‰µΩµƒ◊÷∑˚°£

 [ SQLËØ≠Âè• ] : INSERT INTO [collect] ([name],[idnumber],[idmodel],[status],[number],[price],[buyer],[auditor],[time],[comment]) SELECT 'Â','d','',NULL,'0','','','','',''

[ 2016-11-14T16:35:13+08:00 ] 127.0.0.1 /admin.php?c=menu&a=add
INFO: [ app_begin ] --START--
INFO: Run Behavior\ReadHtmlCacheBehavior [ RunTime:0.000000s ]
INFO: [ app_begin ] --END-- [ RunTime:0.000000s ]
NOTIC: [8] Use of undefined constant name - assumed 'name' D:\WWW\project\Application\Admin\Controller\MenuController.class.php Á¨¨ 46 Ë°å.
NOTIC: [8] Uninitialized string offset: 0 D:\WWW\project\Application\Admin\Controller\MenuController.class.php Á¨¨ 49 Ë°å.
NOTIC: [8] Undefined index: status D:\WWW\project\Application\Admin\Controller\MenuController.class.php Á¨¨ 50 Ë°å.
NOTIC: [8] Uninitialized string offset: 0 D:\WWW\project\Application\Admin\Controller\MenuController.class.php Á¨¨ 51 Ë°å.
NOTIC: [8] Uninitialized string offset: 0 D:\WWW\project\Application\Admin\Controller\MenuController.class.php Á¨¨ 52 Ë°å.
NOTIC: [8] Uninitialized string offset: 0 D:\WWW\project\Application\Admin\Controller\MenuController.class.php Á¨¨ 53 Ë°å.
NOTIC: [8] Uninitialized string offset: 0 D:\WWW\project\Application\Admin\Controller\MenuController.class.php Á¨¨ 54 Ë°å.
NOTIC: [8] Uninitialized string offset: 0 D:\WWW\project\Application\Admin\Controller\MenuController.class.php Á¨¨ 55 Ë°å.
NOTIC: [8] Uninitialized string offset: 0 D:\WWW\project\Application\Admin\Controller\MenuController.class.php Á¨¨ 56 Ë°å.
NOTIC: [8] Use of undefined constant name - assumed 'name' D:\WWW\project\Application\Admin\Controller\MenuController.class.php Á¨¨ 46 Ë°å.
SQL: SELECT   column_name,   data_type,   column_default,   is_nullable
        FROM    information_schema.tables AS t
        JOIN    information_schema.columns AS c
        ON  t.table_catalog = c.table_catalog
        AND t.table_schema  = c.table_schema
        AND t.table_name    = c.table_name
        WHERE   t.table_name = 'collect' [ RunTime:0.0000s ]
ERR: -7:An error occurred translating string for input param 1 to UCS-2: ‘⁄∂‡◊÷Ω⁄µƒƒø±Í¥˙¬Î“≥÷–£¨√ª”–¥À Unicode ◊÷∑˚ø…“‘”≥…‰µΩµƒ◊÷∑˚°£

 [ SQLËØ≠Âè• ] : INSERT INTO [collect] ([name],[idnumber],[idmodel],[status],[number],[price],[buyer],[auditor],[time],[comment]) SELECT 'Â','d','',NULL,'0','','','','',''
ERR: -7:An error occurred translating string for input param 1 to UCS-2: ‘⁄∂‡◊÷Ω⁄µƒƒø±Í¥˙¬Î“≥÷–£¨√ª”–¥À Unicode ◊÷∑˚ø…“‘”≥…‰µΩµƒ◊÷∑˚°£

 [ SQLËØ≠Âè• ] : INSERT INTO [collect] ([name],[idnumber],[idmodel],[status],[number],[price],[buyer],[auditor],[time],[comment]) SELECT 'Â','d','',NULL,'0','','','','',''

[ 2016-11-14T16:35:21+08:00 ] 127.0.0.1 /admin.php?c=menu&a=setStatus
INFO: [ app_begin ] --START--
INFO: Run Behavior\ReadHtmlCacheBehavior [ RunTime:0.000000s ]
INFO: [ app_begin ] --END-- [ RunTime:0.000000s ]
SQL: SELECT   column_name,   data_type,   column_default,   is_nullable
        FROM    information_schema.tables AS t
        JOIN    information_schema.columns AS c
        ON  t.table_catalog = c.table_catalog
        AND t.table_schema  = c.table_schema
        AND t.table_name    = c.table_name
        WHERE   t.table_name = 'collect' [ RunTime:0.0000s ]
SQL: UPDATE [collect] SET [display]='-1' WHERE ( id=74 ) [ RunTime:0.0100s ]

[ 2016-11-14T16:36:10+08:00 ] 127.0.0.1 /admin.php?c=menu&a=add
INFO: [ app_begin ] --START--
INFO: Run Behavior\ReadHtmlCacheBehavior [ RunTime:0.000000s ]
INFO: [ app_begin ] --END-- [ RunTime:0.001000s ]
NOTIC: [8] Use of undefined constant name - assumed 'name' D:\WWW\project\Application\Admin\Controller\MenuController.class.php Á¨¨ 46 Ë°å.
NOTIC: [8] Uninitialized string offset: 0 D:\WWW\project\Application\Admin\Controller\MenuController.class.php Á¨¨ 49 Ë°å.
NOTIC: [8] Undefined index: status D:\WWW\project\Application\Admin\Controller\MenuController.class.php Á¨¨ 50 Ë°å.
NOTIC: [8] Uninitialized string offset: 0 D:\WWW\project\Application\Admin\Controller\MenuController.class.php Á¨¨ 51 Ë°å.
NOTIC: [8] Uninitialized string offset: 0 D:\WWW\project\Application\Admin\Controller\MenuController.class.php Á¨¨ 52 Ë°å.
NOTIC: [8] Uninitialized string offset: 0 D:\WWW\project\Application\Admin\Controller\MenuController.class.php Á¨¨ 53 Ë°å.
NOTIC: [8] Uninitialized string offset: 0 D:\WWW\project\Application\Admin\Controller\MenuController.class.php Á¨¨ 54 Ë°å.
NOTIC: [8] Uninitialized string offset: 0 D:\WWW\project\Application\Admin\Controller\MenuController.class.php Á¨¨ 55 Ë°å.
NOTIC: [8] Uninitialized string offset: 0 D:\WWW\project\Application\Admin\Controller\MenuController.class.php Á¨¨ 56 Ë°å.
NOTIC: [8] Use of undefined constant name - assumed 'name' D:\WWW\project\Application\Admin\Controller\MenuController.class.php Á¨¨ 46 Ë°å.
SQL: SELECT   column_name,   data_type,   column_default,   is_nullable
        FROM    information_schema.tables AS t
        JOIN    information_schema.columns AS c
        ON  t.table_catalog = c.table_catalog
        AND t.table_schema  = c.table_schema
        AND t.table_name    = c.table_name
        WHERE   t.table_name = 'collect' [ RunTime:0.0160s ]
ERR: -7:An error occurred translating string for input param 1 to UCS-2: ‘⁄∂‡◊÷Ω⁄µƒƒø±Í¥˙¬Î“≥÷–£¨√ª”–¥À Unicode ◊÷∑˚ø…“‘”≥…‰µΩµƒ◊÷∑˚°£

 [ SQLËØ≠Âè• ] : INSERT INTO [collect] ([name],[idnumber],[idmodel],[status],[number],[price],[buyer],[auditor],[time],[comment]) SELECT 'Â','d','',NULL,'0','','','','',''
ERR: -7:An error occurred translating string for input param 1 to UCS-2: ‘⁄∂‡◊÷Ω⁄µƒƒø±Í¥˙¬Î“≥÷–£¨√ª”–¥À Unicode ◊÷∑˚ø…“‘”≥…‰µΩµƒ◊÷∑˚°£

 [ SQLËØ≠Âè• ] : INSERT INTO [collect] ([name],[idnumber],[idmodel],[status],[number],[price],[buyer],[auditor],[time],[comment]) SELECT 'Â','d','',NULL,'0','','','','',''

[ 2016-11-14T16:44:54+08:00 ] 127.0.0.1 /admin.php?c=menu&a=add
INFO: [ app_begin ] --START--
INFO: Run Behavior\ReadHtmlCacheBehavior [ RunTime:0.000000s ]
INFO: [ app_begin ] --END-- [ RunTime:0.000000s ]
SQL: SELECT   column_name,   data_type,   column_default,   is_nullable
        FROM    information_schema.tables AS t
        JOIN    information_schema.columns AS c
        ON  t.table_catalog = c.table_catalog
        AND t.table_schema  = c.table_schema
        AND t.table_name    = c.table_name
        WHERE   t.table_name = 'collect' [ RunTime:0.0000s ]
SQL: UPDATE [collect] SET [name]='Â∞èÂúÜ1',[idnumber]='da2',[idmodel]='',[number]='0',[price]='',[buyer]='',[auditor]='',[time]='',[comment]='' WHERE ( id=73 ) [ RunTime:0.0312s ]

[ 2016-11-14T16:45:12+08:00 ] 127.0.0.1 /admin.php?c=menu&a=add
INFO: [ app_begin ] --START--
INFO: Run Behavior\ReadHtmlCacheBehavior [ RunTime:0.001000s ]
INFO: [ app_begin ] --END-- [ RunTime:0.001000s ]
SQL: SELECT   column_name,   data_type,   column_default,   is_nullable
        FROM    information_schema.tables AS t
        JOIN    information_schema.columns AS c
        ON  t.table_catalog = c.table_catalog
        AND t.table_schema  = c.table_schema
        AND t.table_name    = c.table_name
        WHERE   t.table_name = 'collect' [ RunTime:0.0000s ]
SQL: UPDATE [collect] SET [name]='Â∞èÁõº',[idnumber]='21',[idmodel]='21',[number]='2',[price]='',[buyer]='',[auditor]='',[time]='',[comment]='' WHERE ( id=86 ) [ RunTime:0.0040s ]

[ 2016-11-14T16:46:03+08:00 ] 127.0.0.1 /admin.php?c=menu&a=add
INFO: [ app_begin ] --START--
INFO: Run Behavior\ReadHtmlCacheBehavior [ RunTime:0.001000s ]
INFO: [ app_begin ] --END-- [ RunTime:0.001000s ]
SQL: SELECT   column_name,   data_type,   column_default,   is_nullable
        FROM    information_schema.tables AS t
        JOIN    information_schema.columns AS c
        ON  t.table_catalog = c.table_catalog
        AND t.table_schema  = c.table_schema
        AND t.table_name    = c.table_name
        WHERE   t.table_name = 'collect' [ RunTime:0.0010s ]
SQL: UPDATE [collect] SET [name]='Â∞èÁõº',[idnumber]='21',[idmodel]='21',[number]='444',[price]='15',[buyer]='Áéã',[auditor]='ÁéãËä≥',[time]='',[comment]='ÊòØÁöÑ' WHERE ( id=86 ) [ RunTime:0.0030s ]

[ 2016-11-14T16:46:29+08:00 ] 127.0.0.1 /admin.php?c=menu&a=add
INFO: [ app_begin ] --START--
INFO: Run Behavior\ReadHtmlCacheBehavior [ RunTime:0.000000s ]
INFO: [ app_begin ] --END-- [ RunTime:0.000000s ]
SQL: SELECT   column_name,   data_type,   column_default,   is_nullable
        FROM    information_schema.tables AS t
        JOIN    information_schema.columns AS c
        ON  t.table_catalog = c.table_catalog
        AND t.table_schema  = c.table_schema
        AND t.table_name    = c.table_name
        WHERE   t.table_name = 'collect' [ RunTime:0.0000s ]
SQL: UPDATE [collect] SET [name]='Â∞èÁõº',[idnumber]='21',[idmodel]='21',[status]='ÊàêÂìÅ',[number]='444',[price]='15',[buyer]='Áéã',[auditor]='ÁéãËä≥',[time]='',[comment]='ÊòØÁöÑ' WHERE ( id=86 ) [ RunTime:0.0206s ]

[ 2016-11-14T16:56:49+08:00 ] 127.0.0.1 /admin.php?c=menu&a=add
INFO: [ app_begin ] --START--
INFO: Run Behavior\ReadHtmlCacheBehavior [ RunTime:0.001000s ]
INFO: [ app_begin ] --END-- [ RunTime:0.001000s ]
INFO: [ view_parse ] --START--
INFO: [ template_filter ] --START--
INFO: Run Behavior\ContentReplaceBehavior [ RunTime:0.000000s ]
INFO: [ template_filter ] --END-- [ RunTime:0.000000s ]
NOTIC: [2048] Declaration of Common\Model\MenuModel::find() should be compatible with Think\Model::find($options = Array) D:\WWW\project\Application\Admin\Model\MenuModel.class.php Á¨¨ 5 Ë°å.
SQL: SELECT   column_name,   data_type,   column_default,   is_nullable
        FROM    information_schema.tables AS t
        JOIN    information_schema.columns AS c
        ON  t.table_catalog = c.table_catalog
        AND t.table_schema  = c.table_schema
        AND t.table_name    = c.table_name
        WHERE   t.table_name = 'menu' [ RunTime:0.0020s ]
SQL: SELECT T1.* FROM (SELECT thinkphp.*, ROW_NUMBER() OVER ( ORDER BY listorder desc,menu_id desc) AS ROW_NUMBER FROM (SELECT  * FROM [menu] WHERE [status] <> -1 AND [type] = 1 ) AS thinkphp) AS T1  [ RunTime:0.0020s ]
NOTIC: [8] Undefined index: a D:\WWW\project\Application\Common\Common\function.php Á¨¨ 27 Ë°å.
NOTIC: [8] Undefined index: a D:\WWW\project\Application\Common\Common\function.php Á¨¨ 27 Ë°å.
NOTIC: [8] Undefined variable: collect D:\WWW\project\Application\Runtime\Cache\Admin\31553d7bb41170a30982ff9dddd5d67e.php Á¨¨ 209 Ë°å.
NOTIC: [8] Undefined variable: collect_list D:\WWW\project\Application\Runtime\Cache\Admin\31553d7bb41170a30982ff9dddd5d67e.php Á¨¨ 221 Ë°å.
INFO: Run Behavior\ParseTemplateBehavior [ RunTime:0.029001s ]
INFO: [ view_parse ] --END-- [ RunTime:0.029001s ]
INFO: [ view_filter ] --START--
INFO: Run Behavior\WriteHtmlCacheBehavior [ RunTime:0.000000s ]
INFO: [ view_filter ] --END-- [ RunTime:0.000000s ]
INFO: [ app_end ] --START--
INFO: Run Behavior\ShowPageTraceBehavior [ RunTime:0.001000s ]
INFO: [ app_end ] --END-- [ RunTime:0.001000s ]

[ 2016-11-14T16:58:02+08:00 ] 127.0.0.1 /admin.php?c=menu&a=add
INFO: [ app_begin ] --START--
INFO: Run Behavior\ReadHtmlCacheBehavior [ RunTime:0.000000s ]
INFO: [ app_begin ] --END-- [ RunTime:0.001000s ]
INFO: [ view_parse ] --START--
INFO: [ template_filter ] --START--
INFO: Run Behavior\ContentReplaceBehavior [ RunTime:0.000000s ]
INFO: [ template_filter ] --END-- [ RunTime:0.000000s ]
NOTIC: [2048] Declaration of Common\Model\MenuModel::find() should be compatible with Think\Model::find($options = Array) D:\WWW\project\Application\Admin\Model\MenuModel.class.php Á¨¨ 5 Ë°å.
SQL: SELECT   column_name,   data_type,   column_default,   is_nullable
        FROM    information_schema.tables AS t
        JOIN    information_schema.columns AS c
        ON  t.table_catalog = c.table_catalog
        AND t.table_schema  = c.table_schema
        AND t.table_name    = c.table_name
        WHERE   t.table_name = 'menu' [ RunTime:0.0000s ]
SQL: SELECT T1.* FROM (SELECT thinkphp.*, ROW_NUMBER() OVER ( ORDER BY listorder desc,menu_id desc) AS ROW_NUMBER FROM (SELECT  * FROM [menu] WHERE [status] <> -1 AND [type] = 1 ) AS thinkphp) AS T1  [ RunTime:0.0000s ]
NOTIC: [8] Undefined index: a D:\WWW\project\Application\Common\Common\function.php Á¨¨ 27 Ë°å.
NOTIC: [8] Undefined index: a D:\WWW\project\Application\Common\Common\function.php Á¨¨ 27 Ë°å.
NOTIC: [8] Undefined variable: collect D:\WWW\project\Application\Runtime\Cache\Admin\31553d7bb41170a30982ff9dddd5d67e.php Á¨¨ 209 Ë°å.
NOTIC: [8] Undefined variable: collect_list D:\WWW\project\Application\Runtime\Cache\Admin\31553d7bb41170a30982ff9dddd5d67e.php Á¨¨ 221 Ë°å.
INFO: Run Behavior\ParseTemplateBehavior [ RunTime:0.027001s ]
INFO: [ view_parse ] --END-- [ RunTime:0.027001s ]
INFO: [ view_filter ] --START--
INFO: Run Behavior\WriteHtmlCacheBehavior [ RunTime:0.000000s ]
INFO: [ view_filter ] --END-- [ RunTime:0.000000s ]
INFO: [ app_end ] --START--
INFO: Run Behavior\ShowPageTraceBehavior [ RunTime:0.000000s ]
INFO: [ app_end ] --END-- [ RunTime:0.000000s ]

[ 2016-11-14T17:14:10+08:00 ] 127.0.0.1 /admin.php?c=menu&a=add
INFO: [ app_begin ] --START--
INFO: Run Behavior\ReadHtmlCacheBehavior [ RunTime:0.001001s ]
INFO: [ app_begin ] --END-- [ RunTime:0.001001s ]
SQL: SELECT   column_name,   data_type,   column_default,   is_nullable
        FROM    information_schema.tables AS t
        JOIN    information_schema.columns AS c
        ON  t.table_catalog = c.table_catalog
        AND t.table_schema  = c.table_schema
        AND t.table_name    = c.table_name
        WHERE   t.table_name = 'collect' [ RunTime:0.0000s ]
SQL: UPDATE [collect] SET [name]='',[idnumber]='Â§ß8',[idmodel]='',[number]='0',[price]='',[buyer]='',[auditor]='',[time]='',[comment]='' WHERE ( id=97 ) [ RunTime:0.0030s ]

